[2024-06-13 20:24:36,757] {taskinstance.py:1159} INFO - Dependencies all met for <TaskInstance: s3_to_ml_to_postgres.extract_data_from_s3 manual__2024-06-13T20:24:36.172682+00:00 [queued]>
[2024-06-13 20:24:36,760] {taskinstance.py:1159} INFO - Dependencies all met for <TaskInstance: s3_to_ml_to_postgres.extract_data_from_s3 manual__2024-06-13T20:24:36.172682+00:00 [queued]>
[2024-06-13 20:24:36,761] {taskinstance.py:1356} INFO - 
--------------------------------------------------------------------------------
[2024-06-13 20:24:36,761] {taskinstance.py:1357} INFO - Starting attempt 1 of 2
[2024-06-13 20:24:36,761] {taskinstance.py:1358} INFO - 
--------------------------------------------------------------------------------
[2024-06-13 20:24:36,765] {taskinstance.py:1377} INFO - Executing <Task(PythonOperator): extract_data_from_s3> on 2024-06-13 20:24:36.172682+00:00
[2024-06-13 20:24:36,768] {standard_task_runner.py:52} INFO - Started process 4777 to run task
[2024-06-13 20:24:36,770] {standard_task_runner.py:79} INFO - Running: ['***', 'tasks', 'run', 's3_to_ml_to_postgres', 'extract_data_from_s3', 'manual__2024-06-13T20:24:36.172682+00:00', '--job-id', '9', '--raw', '--subdir', 'DAGS_FOLDER/ml_dataset_preparation.py', '--cfg-path', '/tmp/tmp4o3hukyi', '--error-file', '/tmp/tmpar8r5ssf']
[2024-06-13 20:24:36,770] {standard_task_runner.py:80} INFO - Job 9: Subtask extract_data_from_s3
[2024-06-13 20:24:36,791] {task_command.py:370} INFO - Running <TaskInstance: s3_to_ml_to_postgres.extract_data_from_s3 manual__2024-06-13T20:24:36.172682+00:00 [running]> on host 92769061d4a4
[2024-06-13 20:24:36,817] {taskinstance.py:1571} INFO - Exporting the following env vars:
AIRFLOW_CTX_DAG_OWNER=***
AIRFLOW_CTX_DAG_ID=s3_to_ml_to_postgres
AIRFLOW_CTX_TASK_ID=extract_data_from_s3
AIRFLOW_CTX_EXECUTION_DATE=2024-06-13T20:24:36.172682+00:00
AIRFLOW_CTX_TRY_NUMBER=1
AIRFLOW_CTX_DAG_RUN_ID=manual__2024-06-13T20:24:36.172682+00:00
[2024-06-13 20:24:36,821] {base.py:68} INFO - Using connection ID 'aws_default' for task execution.
[2024-06-13 20:24:36,822] {base_aws.py:206} INFO - Credentials retrieved from login
[2024-06-13 20:24:37,230] {base.py:68} INFO - Using connection ID 'aws_default' for task execution.
[2024-06-13 20:24:37,231] {base_aws.py:206} INFO - Credentials retrieved from login
[2024-06-13 20:24:37,434] {base.py:68} INFO - Using connection ID 'aws_default' for task execution.
[2024-06-13 20:24:37,435] {base_aws.py:206} INFO - Credentials retrieved from login
[2024-06-13 20:24:37,617] {base.py:68} INFO - Using connection ID 'aws_default' for task execution.
[2024-06-13 20:24:37,617] {base_aws.py:206} INFO - Credentials retrieved from login
[2024-06-13 20:24:37,820] {base.py:68} INFO - Using connection ID 'aws_default' for task execution.
[2024-06-13 20:24:37,821] {base_aws.py:206} INFO - Credentials retrieved from login
[2024-06-13 20:24:38,011] {base.py:68} INFO - Using connection ID 'aws_default' for task execution.
[2024-06-13 20:24:38,012] {base_aws.py:206} INFO - Credentials retrieved from login
[2024-06-13 20:24:38,294] {base.py:68} INFO - Using connection ID 'aws_default' for task execution.
[2024-06-13 20:24:38,294] {base_aws.py:206} INFO - Credentials retrieved from login
[2024-06-13 20:24:38,453] {base.py:68} INFO - Using connection ID 'aws_default' for task execution.
[2024-06-13 20:24:38,454] {base_aws.py:206} INFO - Credentials retrieved from login
[2024-06-13 20:24:38,611] {base.py:68} INFO - Using connection ID 'aws_default' for task execution.
[2024-06-13 20:24:38,611] {base_aws.py:206} INFO - Credentials retrieved from login
[2024-06-13 20:24:38,757] {base.py:68} INFO - Using connection ID 'aws_default' for task execution.
[2024-06-13 20:24:38,757] {base_aws.py:206} INFO - Credentials retrieved from login
[2024-06-13 20:24:38,918] {base.py:68} INFO - Using connection ID 'aws_default' for task execution.
[2024-06-13 20:24:38,919] {base_aws.py:206} INFO - Credentials retrieved from login
[2024-06-13 20:24:39,199] {base.py:68} INFO - Using connection ID 'aws_default' for task execution.
[2024-06-13 20:24:39,200] {base_aws.py:206} INFO - Credentials retrieved from login
[2024-06-13 20:24:39,370] {base.py:68} INFO - Using connection ID 'aws_default' for task execution.
[2024-06-13 20:24:39,370] {base_aws.py:206} INFO - Credentials retrieved from login
[2024-06-13 20:24:39,517] {base.py:68} INFO - Using connection ID 'aws_default' for task execution.
[2024-06-13 20:24:39,517] {base_aws.py:206} INFO - Credentials retrieved from login
[2024-06-13 20:24:39,660] {base.py:68} INFO - Using connection ID 'aws_default' for task execution.
[2024-06-13 20:24:39,661] {base_aws.py:206} INFO - Credentials retrieved from login
[2024-06-13 20:24:39,828] {base.py:68} INFO - Using connection ID 'aws_default' for task execution.
[2024-06-13 20:24:39,828] {base_aws.py:206} INFO - Credentials retrieved from login
[2024-06-13 20:24:40,067] {base.py:68} INFO - Using connection ID 'aws_default' for task execution.
[2024-06-13 20:24:40,068] {base_aws.py:206} INFO - Credentials retrieved from login
[2024-06-13 20:24:40,213] {base.py:68} INFO - Using connection ID 'aws_default' for task execution.
[2024-06-13 20:24:40,214] {base_aws.py:206} INFO - Credentials retrieved from login
[2024-06-13 20:24:40,385] {base.py:68} INFO - Using connection ID 'aws_default' for task execution.
[2024-06-13 20:24:40,385] {base_aws.py:206} INFO - Credentials retrieved from login
[2024-06-13 20:24:40,534] {base.py:68} INFO - Using connection ID 'aws_default' for task execution.
[2024-06-13 20:24:40,534] {base_aws.py:206} INFO - Credentials retrieved from login
[2024-06-13 20:24:40,686] {base.py:68} INFO - Using connection ID 'aws_default' for task execution.
[2024-06-13 20:24:40,686] {base_aws.py:206} INFO - Credentials retrieved from login
[2024-06-13 20:24:40,911] {base.py:68} INFO - Using connection ID 'aws_default' for task execution.
[2024-06-13 20:24:40,911] {base_aws.py:206} INFO - Credentials retrieved from login
[2024-06-13 20:24:41,056] {base.py:68} INFO - Using connection ID 'aws_default' for task execution.
[2024-06-13 20:24:41,057] {base_aws.py:206} INFO - Credentials retrieved from login
[2024-06-13 20:24:41,203] {base.py:68} INFO - Using connection ID 'aws_default' for task execution.
[2024-06-13 20:24:41,204] {base_aws.py:206} INFO - Credentials retrieved from login
[2024-06-13 20:24:41,349] {base.py:68} INFO - Using connection ID 'aws_default' for task execution.
[2024-06-13 20:24:41,349] {base_aws.py:206} INFO - Credentials retrieved from login
[2024-06-13 20:24:41,480] {base.py:68} INFO - Using connection ID 'aws_default' for task execution.
[2024-06-13 20:24:41,480] {base_aws.py:206} INFO - Credentials retrieved from login
[2024-06-13 20:24:41,693] {base.py:68} INFO - Using connection ID 'aws_default' for task execution.
[2024-06-13 20:24:41,693] {base_aws.py:206} INFO - Credentials retrieved from login
[2024-06-13 20:24:41,844] {base.py:68} INFO - Using connection ID 'aws_default' for task execution.
[2024-06-13 20:24:41,845] {base_aws.py:206} INFO - Credentials retrieved from login
[2024-06-13 20:24:42,006] {base.py:68} INFO - Using connection ID 'aws_default' for task execution.
[2024-06-13 20:24:42,006] {base_aws.py:206} INFO - Credentials retrieved from login
[2024-06-13 20:24:42,194] {base.py:68} INFO - Using connection ID 'aws_default' for task execution.
[2024-06-13 20:24:42,194] {base_aws.py:206} INFO - Credentials retrieved from login
[2024-06-13 20:24:42,350] {base.py:68} INFO - Using connection ID 'aws_default' for task execution.
[2024-06-13 20:24:42,351] {base_aws.py:206} INFO - Credentials retrieved from login
[2024-06-13 20:24:42,618] {base.py:68} INFO - Using connection ID 'aws_default' for task execution.
[2024-06-13 20:24:42,618] {base_aws.py:206} INFO - Credentials retrieved from login
[2024-06-13 20:24:42,766] {base.py:68} INFO - Using connection ID 'aws_default' for task execution.
[2024-06-13 20:24:42,766] {base_aws.py:206} INFO - Credentials retrieved from login
[2024-06-13 20:24:42,920] {base.py:68} INFO - Using connection ID 'aws_default' for task execution.
[2024-06-13 20:24:42,920] {base_aws.py:206} INFO - Credentials retrieved from login
[2024-06-13 20:24:43,079] {base.py:68} INFO - Using connection ID 'aws_default' for task execution.
[2024-06-13 20:24:43,079] {base_aws.py:206} INFO - Credentials retrieved from login
[2024-06-13 20:24:43,264] {base.py:68} INFO - Using connection ID 'aws_default' for task execution.
[2024-06-13 20:24:43,265] {base_aws.py:206} INFO - Credentials retrieved from login
[2024-06-13 20:24:43,502] {base.py:68} INFO - Using connection ID 'aws_default' for task execution.
[2024-06-13 20:24:43,503] {base_aws.py:206} INFO - Credentials retrieved from login
[2024-06-13 20:24:43,714] {base.py:68} INFO - Using connection ID 'aws_default' for task execution.
[2024-06-13 20:24:43,714] {base_aws.py:206} INFO - Credentials retrieved from login
[2024-06-13 20:24:43,898] {base.py:68} INFO - Using connection ID 'aws_default' for task execution.
[2024-06-13 20:24:43,899] {base_aws.py:206} INFO - Credentials retrieved from login
[2024-06-13 20:24:44,079] {base.py:68} INFO - Using connection ID 'aws_default' for task execution.
[2024-06-13 20:24:44,080] {base_aws.py:206} INFO - Credentials retrieved from login
[2024-06-13 20:24:44,317] {base.py:68} INFO - Using connection ID 'aws_default' for task execution.
[2024-06-13 20:24:44,318] {base_aws.py:206} INFO - Credentials retrieved from login
[2024-06-13 20:24:44,557] {logging_mixin.py:115} INFO - Downloaded 40 file(s) from S3 to /opt/***/data/extracted_s3_data
[2024-06-13 20:24:44,558] {python.py:173} INFO - Done. Returned value was: None
[2024-06-13 20:24:44,566] {taskinstance.py:1400} INFO - Marking task as SUCCESS. dag_id=s3_to_ml_to_postgres, task_id=extract_data_from_s3, execution_date=20240613T202436, start_date=20240613T202436, end_date=20240613T202444
[2024-06-13 20:24:44,603] {local_task_job.py:156} INFO - Task exited with return code 0
[2024-06-13 20:24:44,615] {local_task_job.py:273} INFO - 1 downstream tasks scheduled from follow-on schedule check
