[2024-06-14 17:57:34,407] {taskinstance.py:1159} INFO - Dependencies all met for <TaskInstance: s3_to_ml_to_postgres.transform_data manual__2024-06-14T17:57:04.906423+00:00 [queued]>
[2024-06-14 17:57:34,412] {taskinstance.py:1159} INFO - Dependencies all met for <TaskInstance: s3_to_ml_to_postgres.transform_data manual__2024-06-14T17:57:04.906423+00:00 [queued]>
[2024-06-14 17:57:34,412] {taskinstance.py:1356} INFO - 
--------------------------------------------------------------------------------
[2024-06-14 17:57:34,412] {taskinstance.py:1357} INFO - Starting attempt 1 of 2
[2024-06-14 17:57:34,412] {taskinstance.py:1358} INFO - 
--------------------------------------------------------------------------------
[2024-06-14 17:57:34,418] {taskinstance.py:1377} INFO - Executing <Task(PythonOperator): transform_data> on 2024-06-14 17:57:04.906423+00:00
[2024-06-14 17:57:34,421] {standard_task_runner.py:52} INFO - Started process 25602 to run task
[2024-06-14 17:57:34,423] {standard_task_runner.py:79} INFO - Running: ['***', 'tasks', 'run', 's3_to_ml_to_postgres', 'transform_data', 'manual__2024-06-14T17:57:04.906423+00:00', '--job-id', '24', '--raw', '--subdir', 'DAGS_FOLDER/ml_dataset_preparation.py', '--cfg-path', '/tmp/tmp53ff0l6k', '--error-file', '/tmp/tmps32_5fgx']
[2024-06-14 17:57:34,423] {standard_task_runner.py:80} INFO - Job 24: Subtask transform_data
[2024-06-14 17:57:34,448] {task_command.py:370} INFO - Running <TaskInstance: s3_to_ml_to_postgres.transform_data manual__2024-06-14T17:57:04.906423+00:00 [running]> on host 92769061d4a4
[2024-06-14 17:57:34,474] {taskinstance.py:1571} INFO - Exporting the following env vars:
AIRFLOW_CTX_DAG_OWNER=***
AIRFLOW_CTX_DAG_ID=s3_to_ml_to_postgres
AIRFLOW_CTX_TASK_ID=transform_data
AIRFLOW_CTX_EXECUTION_DATE=2024-06-14T17:57:04.906423+00:00
AIRFLOW_CTX_TRY_NUMBER=1
AIRFLOW_CTX_DAG_RUN_ID=manual__2024-06-14T17:57:04.906423+00:00
[2024-06-14 17:57:34,730] {logging_mixin.py:115} INFO - Transformed data saved to /opt/***/data/transformed_data/transformed_data.csv
[2024-06-14 17:57:34,733] {python.py:173} INFO - Done. Returned value was: None
[2024-06-14 17:57:34,740] {taskinstance.py:1400} INFO - Marking task as SUCCESS. dag_id=s3_to_ml_to_postgres, task_id=transform_data, execution_date=20240614T175704, start_date=20240614T175734, end_date=20240614T175734
[2024-06-14 17:57:34,780] {local_task_job.py:156} INFO - Task exited with return code 0
[2024-06-14 17:57:34,795] {local_task_job.py:273} INFO - 1 downstream tasks scheduled from follow-on schedule check
