[2024-06-16T17:33:56.661+0000] {taskinstance.py:1956} INFO - Dependencies all met for dep_context=non-requeueable deps ti=<TaskInstance: s3_to_ml_to_postgres.setup_create_table manual__2024-06-16T17:30:52.326500+00:00 [queued]>
[2024-06-16T17:33:56.665+0000] {taskinstance.py:1956} INFO - Dependencies all met for dep_context=requeueable deps ti=<TaskInstance: s3_to_ml_to_postgres.setup_create_table manual__2024-06-16T17:30:52.326500+00:00 [queued]>
[2024-06-16T17:33:56.665+0000] {taskinstance.py:2170} INFO - Starting attempt 1 of 1
[2024-06-16T17:33:56.670+0000] {taskinstance.py:2191} INFO - Executing <Task(RedshiftDataOperator): setup_create_table> on 2024-06-16 17:30:52.326500+00:00
[2024-06-16T17:33:56.673+0000] {standard_task_runner.py:60} INFO - Started process 28706 to run task
[2024-06-16T17:33:56.675+0000] {standard_task_runner.py:87} INFO - Running: ['***', 'tasks', 'run', 's3_to_ml_to_postgres', 'setup_create_table', 'manual__2024-06-16T17:30:52.326500+00:00', '--job-id', '117', '--raw', '--subdir', 'DAGS_FOLDER/ml_dataset_preparation.py', '--cfg-path', '/tmp/tmpvx1e79_o']
[2024-06-16T17:33:56.676+0000] {standard_task_runner.py:88} INFO - Job 117: Subtask setup_create_table
[2024-06-16T17:33:56.698+0000] {task_command.py:423} INFO - Running <TaskInstance: s3_to_ml_to_postgres.setup_create_table manual__2024-06-16T17:30:52.326500+00:00 [running]> on host 22dc78ccc862
[2024-06-16T17:33:56.731+0000] {taskinstance.py:2480} INFO - Exporting env vars: AIRFLOW_CTX_DAG_OWNER='***' AIRFLOW_CTX_DAG_ID='s3_to_ml_to_postgres' AIRFLOW_CTX_TASK_ID='setup_create_table' AIRFLOW_CTX_EXECUTION_DATE='2024-06-16T17:30:52.326500+00:00' AIRFLOW_CTX_TRY_NUMBER='1' AIRFLOW_CTX_DAG_RUN_ID='manual__2024-06-16T17:30:52.326500+00:00'
[2024-06-16T17:33:56.732+0000] {redshift_data.py:122} INFO - Executing statement: 
DROP TABLE IF EXISTS transformed_data;
CREATE TABLE transformed_data(
                stationcode bigint,
                name varchar(255),
                is_installed boolean,
                capacity int,
                numdocksavailable int,
                numbikesavailable int,
                mechanical int,
                ebike int,
                is_renting boolean,
                is_returning boolean,
                nom_arrondissement_communes varchar(255),
                code_insee_commune varchar(255),
                longitude double precision, 
                latitude double precision, 
                date timestamp, 
                year int, 
                month int, 
                day int, 
                time time
                );
    
[2024-06-16T17:33:56.735+0000] {base.py:83} INFO - Using connection ID 'aws_default' for task execution.
[2024-06-16T17:33:56.735+0000] {connection_wrapper.py:378} INFO - AWS Connection (conn_id='aws_default', conn_type='aws') credentials retrieved from login and password.
[2024-06-16T17:33:57.471+0000] {redshift_data.py:113} INFO - Polling statement ba4b4cdc-3e3d-4580-87db-56d28773c8f2
[2024-06-16T17:33:57.641+0000] {redshift_data.py:129} INFO - Query PICKED
[2024-06-16T17:34:07.659+0000] {redshift_data.py:113} INFO - Polling statement ba4b4cdc-3e3d-4580-87db-56d28773c8f2
[2024-06-16T17:34:10.242+0000] {redshift_data.py:121} INFO - Processed 0 rows
[2024-06-16T17:34:10.276+0000] {taskinstance.py:1138} INFO - Marking task as SUCCESS. dag_id=s3_to_ml_to_postgres, task_id=setup_create_table, execution_date=20240616T173052, start_date=20240616T173356, end_date=20240616T173410
[2024-06-16T17:34:10.314+0000] {local_task_job_runner.py:234} INFO - Task exited with return code 0
[2024-06-16T17:34:10.331+0000] {taskinstance.py:3280} INFO - 1 downstream tasks scheduled from follow-on schedule check
