[2024-06-14T19:17:29.135+0000] {taskinstance.py:1956} INFO - Dependencies all met for dep_context=non-requeueable deps ti=<TaskInstance: s3_to_ml_to_postgres.setup_create_table manual__2024-06-14T19:11:06.631099+00:00 [queued]>
[2024-06-14T19:17:29.139+0000] {taskinstance.py:1956} INFO - Dependencies all met for dep_context=requeueable deps ti=<TaskInstance: s3_to_ml_to_postgres.setup_create_table manual__2024-06-14T19:11:06.631099+00:00 [queued]>
[2024-06-14T19:17:29.139+0000] {taskinstance.py:2170} INFO - Starting attempt 1 of 2
[2024-06-14T19:17:29.144+0000] {taskinstance.py:2191} INFO - Executing <Task(RedshiftDataOperator): setup_create_table> on 2024-06-14 19:11:06.631099+00:00
[2024-06-14T19:17:29.147+0000] {standard_task_runner.py:60} INFO - Started process 457 to run task
[2024-06-14T19:17:29.148+0000] {standard_task_runner.py:87} INFO - Running: ['***', 'tasks', 'run', 's3_to_ml_to_postgres', 'setup_create_table', 'manual__2024-06-14T19:11:06.631099+00:00', '--job-id', '15', '--raw', '--subdir', 'DAGS_FOLDER/ml_dataset_preparation.py', '--cfg-path', '/tmp/tmp2w9hw7in']
[2024-06-14T19:17:29.150+0000] {standard_task_runner.py:88} INFO - Job 15: Subtask setup_create_table
[2024-06-14T19:17:29.168+0000] {task_command.py:423} INFO - Running <TaskInstance: s3_to_ml_to_postgres.setup_create_table manual__2024-06-14T19:11:06.631099+00:00 [running]> on host 22dc78ccc862
[2024-06-14T19:17:29.195+0000] {taskinstance.py:2480} INFO - Exporting env vars: AIRFLOW_CTX_DAG_OWNER='***' AIRFLOW_CTX_DAG_ID='s3_to_ml_to_postgres' AIRFLOW_CTX_TASK_ID='setup_create_table' AIRFLOW_CTX_EXECUTION_DATE='2024-06-14T19:11:06.631099+00:00' AIRFLOW_CTX_TRY_NUMBER='1' AIRFLOW_CTX_DAG_RUN_ID='manual__2024-06-14T19:11:06.631099+00:00'
[2024-06-14T19:17:29.196+0000] {redshift_data.py:122} INFO - Executing statement: 
CREATE TABLE public.yellow2_201601(
vendorid bigint, 
tpep_pickup_datetime timestamp,
tpep_dropoff_datetime timestamp, 
passenger_count double precision, 
trip_distance double precision, 
ratecodeid double precision, 
store_and_fwd_flag varchar(12), 
Pulocationid bigint, 
dolocationid bigint, 
payment_type bigint, 
fare_amount double precision, 
extra double precision, 
mta_tax double precision, 
tip_amount double precision, 
tolls_amount double precision, 
improvement_surcharge double precision, 
total_amount double precision, 
congestion_surcharge double precision, 
airport_fee double precision);
    
[2024-06-14T19:17:29.199+0000] {base.py:83} INFO - Using connection ID 'aws_default' for task execution.
[2024-06-14T19:17:29.200+0000] {connection_wrapper.py:378} INFO - AWS Connection (conn_id='aws_default', conn_type='aws') credentials retrieved from login and password.
[2024-06-14T19:17:30.171+0000] {redshift_data.py:113} INFO - Polling statement d6c31571-a51e-457b-9777-6d72ea8ab114
[2024-06-14T19:17:30.239+0000] {redshift_data.py:129} INFO - Query PICKED
[2024-06-14T19:17:40.242+0000] {redshift_data.py:113} INFO - Polling statement d6c31571-a51e-457b-9777-6d72ea8ab114
[2024-06-14T19:17:40.493+0000] {redshift_data.py:121} INFO - Processed 0 rows
[2024-06-14T19:17:40.504+0000] {taskinstance.py:1138} INFO - Marking task as SUCCESS. dag_id=s3_to_ml_to_postgres, task_id=setup_create_table, execution_date=20240614T191106, start_date=20240614T191729, end_date=20240614T191740
[2024-06-14T19:17:40.528+0000] {local_task_job_runner.py:234} INFO - Task exited with return code 0
[2024-06-14T19:17:40.535+0000] {taskinstance.py:3280} INFO - 0 downstream tasks scheduled from follow-on schedule check
