[2024-06-21T18:45:38.737+0000] {taskinstance.py:1956} INFO - Dependencies all met for dep_context=non-requeueable deps ti=<TaskInstance: s3_to_ml_to_AmazoneRedshiftServerless.s3_to_redshift scheduled__2024-06-20T00:00:00+00:00 [queued]>
[2024-06-21T18:45:38.741+0000] {taskinstance.py:1956} INFO - Dependencies all met for dep_context=requeueable deps ti=<TaskInstance: s3_to_ml_to_AmazoneRedshiftServerless.s3_to_redshift scheduled__2024-06-20T00:00:00+00:00 [queued]>
[2024-06-21T18:45:38.741+0000] {taskinstance.py:2170} INFO - Starting attempt 1 of 2
[2024-06-21T18:45:38.745+0000] {taskinstance.py:2191} INFO - Executing <Task(S3ToRedshiftOperator): s3_to_redshift> on 2024-06-20 00:00:00+00:00
[2024-06-21T18:45:38.748+0000] {standard_task_runner.py:60} INFO - Started process 157 to run task
[2024-06-21T18:45:38.750+0000] {standard_task_runner.py:87} INFO - Running: ['***', 'tasks', 'run', 's3_to_ml_to_AmazoneRedshiftServerless', 's3_to_redshift', 'scheduled__2024-06-20T00:00:00+00:00', '--job-id', '226', '--raw', '--subdir', 'DAGS_FOLDER/ml_dataset_preparation.py', '--cfg-path', '/tmp/tmps175uwdy']
[2024-06-21T18:45:38.751+0000] {standard_task_runner.py:88} INFO - Job 226: Subtask s3_to_redshift
[2024-06-21T18:45:38.768+0000] {task_command.py:423} INFO - Running <TaskInstance: s3_to_ml_to_AmazoneRedshiftServerless.s3_to_redshift scheduled__2024-06-20T00:00:00+00:00 [running]> on host 22dc78ccc862
[2024-06-21T18:45:38.799+0000] {taskinstance.py:2480} INFO - Exporting env vars: AIRFLOW_CTX_DAG_OWNER='***' AIRFLOW_CTX_DAG_ID='s3_to_ml_to_AmazoneRedshiftServerless' AIRFLOW_CTX_TASK_ID='s3_to_redshift' AIRFLOW_CTX_EXECUTION_DATE='2024-06-20T00:00:00+00:00' AIRFLOW_CTX_TRY_NUMBER='1' AIRFLOW_CTX_DAG_RUN_ID='scheduled__2024-06-20T00:00:00+00:00'
[2024-06-21T18:45:38.802+0000] {base.py:83} INFO - Using connection ID 'aws_default' for task execution.
[2024-06-21T18:45:38.805+0000] {base.py:83} INFO - Using connection ID 'aws_default' for task execution.
[2024-06-21T18:45:38.805+0000] {connection_wrapper.py:378} INFO - AWS Connection (conn_id='aws_default', conn_type='aws') credentials retrieved from login and password.
[2024-06-21T18:45:38.810+0000] {s3_to_redshift.py:192} INFO - Executing COPY command...
[2024-06-21T18:45:38.813+0000] {base.py:83} INFO - Using connection ID 'redshift_conn_id' for task execution.
[2024-06-21T18:45:39.611+0000] {sql.py:450} INFO - Running statement: 
                    COPY PUBLIC.transformed_data 
                    FROM 's3://velib-project/transformed_data.csv'
                    credentials
                    'aws_access_key_id=AKIA47CRVUXOGVJZJMVK;aws_secret_access_key=***'
                    
                    csv
			IGNOREHEADER 1
			MAXERROR 1000
			DELIMITER ','
			FILLRECORD;
        , parameters: None
[2024-06-21T18:46:04.818+0000] {s3_to_redshift.py:197} INFO - COPY command complete...
[2024-06-21T18:46:04.828+0000] {taskinstance.py:1138} INFO - Marking task as SUCCESS. dag_id=s3_to_ml_to_AmazoneRedshiftServerless, task_id=s3_to_redshift, execution_date=20240620T000000, start_date=20240621T184538, end_date=20240621T184604
[2024-06-21T18:46:04.858+0000] {local_task_job_runner.py:234} INFO - Task exited with return code 0
[2024-06-21T18:46:04.869+0000] {taskinstance.py:3280} INFO - 0 downstream tasks scheduled from follow-on schedule check
