[2024-06-14T19:38:10.437+0000] {taskinstance.py:1956} INFO - Dependencies all met for dep_context=non-requeueable deps ti=<TaskInstance: s3_to_ml_to_postgres.setup_create_table manual__2024-06-14T19:37:00.411187+00:00 [queued]>
[2024-06-14T19:38:10.440+0000] {taskinstance.py:1956} INFO - Dependencies all met for dep_context=requeueable deps ti=<TaskInstance: s3_to_ml_to_postgres.setup_create_table manual__2024-06-14T19:37:00.411187+00:00 [queued]>
[2024-06-14T19:38:10.440+0000] {taskinstance.py:2170} INFO - Starting attempt 1 of 1
[2024-06-14T19:38:10.445+0000] {taskinstance.py:2191} INFO - Executing <Task(RedshiftDataOperator): setup_create_table> on 2024-06-14 19:37:00.411187+00:00
[2024-06-14T19:38:10.448+0000] {standard_task_runner.py:60} INFO - Started process 1413 to run task
[2024-06-14T19:38:10.449+0000] {standard_task_runner.py:87} INFO - Running: ['***', 'tasks', 'run', 's3_to_ml_to_postgres', 'setup_create_table', 'manual__2024-06-14T19:37:00.411187+00:00', '--job-id', '37', '--raw', '--subdir', 'DAGS_FOLDER/ml_dataset_preparation.py', '--cfg-path', '/tmp/tmp_ffsp8mo']
[2024-06-14T19:38:10.451+0000] {standard_task_runner.py:88} INFO - Job 37: Subtask setup_create_table
[2024-06-14T19:38:10.470+0000] {task_command.py:423} INFO - Running <TaskInstance: s3_to_ml_to_postgres.setup_create_table manual__2024-06-14T19:37:00.411187+00:00 [running]> on host 22dc78ccc862
[2024-06-14T19:38:10.499+0000] {taskinstance.py:2480} INFO - Exporting env vars: AIRFLOW_CTX_DAG_OWNER='***' AIRFLOW_CTX_DAG_ID='s3_to_ml_to_postgres' AIRFLOW_CTX_TASK_ID='setup_create_table' AIRFLOW_CTX_EXECUTION_DATE='2024-06-14T19:37:00.411187+00:00' AIRFLOW_CTX_TRY_NUMBER='1' AIRFLOW_CTX_DAG_RUN_ID='manual__2024-06-14T19:37:00.411187+00:00'
[2024-06-14T19:38:10.499+0000] {redshift_data.py:122} INFO - Executing statement: 
DROP TABLE IF EXISTS public.yellow2_201601;
CREATE TABLE public.yellow2_2016013(
vendorid bigint, 
tpep_pickup_datetime timestamp,
tpep_dropoff_datetime timestamp, 
passenger_count double precision, 
trip_distance double precision, 
ratecodeid double precision, 
store_and_fwd_flag varchar(12), 
Pulocationid bigint, 
dolocationid bigint, 
payment_type bigint, 
fare_amount double precision, 
extra double precision, 
mta_tax double precision, 
tip_amount double precision, 
tolls_amount double precision, 
improvement_surcharge double precision, 
total_amount double precision, 
congestion_surcharge double precision, 
airport_fee double precision);
    
[2024-06-14T19:38:10.502+0000] {base.py:83} INFO - Using connection ID 'aws_default' for task execution.
[2024-06-14T19:38:10.503+0000] {connection_wrapper.py:378} INFO - AWS Connection (conn_id='aws_default', conn_type='aws') credentials retrieved from login and password.
[2024-06-14T19:38:11.361+0000] {redshift_data.py:113} INFO - Polling statement fac70ada-9a6a-4dd8-b7ea-a1121d316eac
[2024-06-14T19:38:11.425+0000] {redshift_data.py:129} INFO - Query PICKED
[2024-06-14T19:38:21.426+0000] {redshift_data.py:113} INFO - Polling statement fac70ada-9a6a-4dd8-b7ea-a1121d316eac
[2024-06-14T19:38:21.599+0000] {redshift_data.py:121} INFO - Processed 0 rows
[2024-06-14T19:38:21.611+0000] {taskinstance.py:1138} INFO - Marking task as SUCCESS. dag_id=s3_to_ml_to_postgres, task_id=setup_create_table, execution_date=20240614T193700, start_date=20240614T193810, end_date=20240614T193821
[2024-06-14T19:38:21.653+0000] {local_task_job_runner.py:234} INFO - Task exited with return code 0
[2024-06-14T19:38:21.660+0000] {taskinstance.py:3280} INFO - 0 downstream tasks scheduled from follow-on schedule check
