[2024-06-16T20:15:58.135+0000] {taskinstance.py:1956} INFO - Dependencies all met for dep_context=non-requeueable deps ti=<TaskInstance: s3_to_ml_to_AmazoneRedshiftServerless.setup_create_table scheduled__2024-06-15T00:00:00+00:00 [queued]>
[2024-06-16T20:15:58.139+0000] {taskinstance.py:1956} INFO - Dependencies all met for dep_context=requeueable deps ti=<TaskInstance: s3_to_ml_to_AmazoneRedshiftServerless.setup_create_table scheduled__2024-06-15T00:00:00+00:00 [queued]>
[2024-06-16T20:15:58.139+0000] {taskinstance.py:2170} INFO - Starting attempt 1 of 1
[2024-06-16T20:15:58.144+0000] {taskinstance.py:2191} INFO - Executing <Task(RedshiftDataOperator): setup_create_table> on 2024-06-15 00:00:00+00:00
[2024-06-16T20:15:58.147+0000] {standard_task_runner.py:60} INFO - Started process 35758 to run task
[2024-06-16T20:15:58.149+0000] {standard_task_runner.py:87} INFO - Running: ['***', 'tasks', 'run', 's3_to_ml_to_AmazoneRedshiftServerless', 'setup_create_table', 'scheduled__2024-06-15T00:00:00+00:00', '--job-id', '195', '--raw', '--subdir', 'DAGS_FOLDER/ml_dataset_preparation.py', '--cfg-path', '/tmp/tmps9ww2gzh']
[2024-06-16T20:15:58.154+0000] {standard_task_runner.py:88} INFO - Job 195: Subtask setup_create_table
[2024-06-16T20:15:58.175+0000] {task_command.py:423} INFO - Running <TaskInstance: s3_to_ml_to_AmazoneRedshiftServerless.setup_create_table scheduled__2024-06-15T00:00:00+00:00 [running]> on host 22dc78ccc862
[2024-06-16T20:15:58.207+0000] {taskinstance.py:2480} INFO - Exporting env vars: AIRFLOW_CTX_DAG_OWNER='***' AIRFLOW_CTX_DAG_ID='s3_to_ml_to_AmazoneRedshiftServerless' AIRFLOW_CTX_TASK_ID='setup_create_table' AIRFLOW_CTX_EXECUTION_DATE='2024-06-15T00:00:00+00:00' AIRFLOW_CTX_TRY_NUMBER='1' AIRFLOW_CTX_DAG_RUN_ID='scheduled__2024-06-15T00:00:00+00:00'
[2024-06-16T20:15:58.208+0000] {redshift_data.py:122} INFO - Executing statement: 
    DROP TABLE IF EXISTS transformed_data;
    CREATE TABLE transformed_data (
        stationcode VARCHAR(255),
        name VARCHAR(255),
        is_installed BOOLEAN,
        capacity INT,
        numdocksavailable INT,
        numbikesavailable INT,
        mechanical INT,
        ebike INT,
        is_renting BOOLEAN,
        is_returning BOOLEAN,
        nom_arrondissement_communes VARCHAR(255),
        code_insee_commune VARCHAR(255),
        longitude DOUBLE PRECISION, 
        latitude DOUBLE PRECISION, 
        date DATE, 
        year INT, 
        month INT, 
        day INT, 
        time TIME
    );
    
[2024-06-16T20:15:58.212+0000] {base.py:83} INFO - Using connection ID 'aws_default' for task execution.
[2024-06-16T20:15:58.213+0000] {connection_wrapper.py:378} INFO - AWS Connection (conn_id='aws_default', conn_type='aws') credentials retrieved from login and password.
[2024-06-16T20:15:59.082+0000] {redshift_data.py:113} INFO - Polling statement 2a9165d3-9e65-44ab-ba3c-6d501c859845
[2024-06-16T20:15:59.152+0000] {redshift_data.py:129} INFO - Query SUBMITTED
[2024-06-16T20:16:09.160+0000] {redshift_data.py:113} INFO - Polling statement 2a9165d3-9e65-44ab-ba3c-6d501c859845
[2024-06-16T20:16:09.286+0000] {redshift_data.py:121} INFO - Processed 0 rows
[2024-06-16T20:16:09.296+0000] {taskinstance.py:1138} INFO - Marking task as SUCCESS. dag_id=s3_to_ml_to_AmazoneRedshiftServerless, task_id=setup_create_table, execution_date=20240615T000000, start_date=20240616T201558, end_date=20240616T201609
[2024-06-16T20:16:09.334+0000] {local_task_job_runner.py:234} INFO - Task exited with return code 0
[2024-06-16T20:16:09.342+0000] {taskinstance.py:3280} INFO - 1 downstream tasks scheduled from follow-on schedule check
