[2024-06-20T00:03:08.876+0000] {taskinstance.py:1956} INFO - Dependencies all met for dep_context=non-requeueable deps ti=<TaskInstance: s3_to_ml_to_AmazoneRedshiftServerless.setup_create_table scheduled__2024-06-19T00:00:00+00:00 [queued]>
[2024-06-20T00:03:08.879+0000] {taskinstance.py:1956} INFO - Dependencies all met for dep_context=requeueable deps ti=<TaskInstance: s3_to_ml_to_AmazoneRedshiftServerless.setup_create_table scheduled__2024-06-19T00:00:00+00:00 [queued]>
[2024-06-20T00:03:08.879+0000] {taskinstance.py:2170} INFO - Starting attempt 1 of 1
[2024-06-20T00:03:08.884+0000] {taskinstance.py:2191} INFO - Executing <Task(RedshiftDataOperator): setup_create_table> on 2024-06-19 00:00:00+00:00
[2024-06-20T00:03:08.887+0000] {standard_task_runner.py:60} INFO - Started process 84471 to run task
[2024-06-20T00:03:08.888+0000] {standard_task_runner.py:87} INFO - Running: ['***', 'tasks', 'run', 's3_to_ml_to_AmazoneRedshiftServerless', 'setup_create_table', 'scheduled__2024-06-19T00:00:00+00:00', '--job-id', '217', '--raw', '--subdir', 'DAGS_FOLDER/ml_dataset_preparation.py', '--cfg-path', '/tmp/tmpunuoq5yn']
[2024-06-20T00:03:08.890+0000] {standard_task_runner.py:88} INFO - Job 217: Subtask setup_create_table
[2024-06-20T00:03:08.908+0000] {task_command.py:423} INFO - Running <TaskInstance: s3_to_ml_to_AmazoneRedshiftServerless.setup_create_table scheduled__2024-06-19T00:00:00+00:00 [running]> on host 22dc78ccc862
[2024-06-20T00:03:08.938+0000] {taskinstance.py:2480} INFO - Exporting env vars: AIRFLOW_CTX_DAG_OWNER='***' AIRFLOW_CTX_DAG_ID='s3_to_ml_to_AmazoneRedshiftServerless' AIRFLOW_CTX_TASK_ID='setup_create_table' AIRFLOW_CTX_EXECUTION_DATE='2024-06-19T00:00:00+00:00' AIRFLOW_CTX_TRY_NUMBER='1' AIRFLOW_CTX_DAG_RUN_ID='scheduled__2024-06-19T00:00:00+00:00'
[2024-06-20T00:03:08.938+0000] {redshift_data.py:122} INFO - Executing statement: 
    DROP TABLE IF EXISTS transformed_data;
    CREATE TABLE transformed_data (
        stationcode VARCHAR(255),
        name VARCHAR(255),
        is_installed BOOLEAN,
        capacity INT,
        numdocksavailable INT,
        numbikesavailable INT,
        mechanical INT,
        ebike INT,
        is_renting BOOLEAN,
        is_returning BOOLEAN,
        nom_arrondissement_communes VARCHAR(255),
        code_insee_commune VARCHAR(255),
        longitude DOUBLE PRECISION, 
        latitude DOUBLE PRECISION, 
        date DATE, 
        year INT, 
        month INT, 
        day INT, 
        time TIME
    );
    
[2024-06-20T00:03:08.942+0000] {base.py:83} INFO - Using connection ID 'aws_default' for task execution.
[2024-06-20T00:03:08.942+0000] {connection_wrapper.py:378} INFO - AWS Connection (conn_id='aws_default', conn_type='aws') credentials retrieved from login and password.
[2024-06-20T00:03:09.776+0000] {redshift_data.py:113} INFO - Polling statement 05f7d584-37de-488c-a337-b7aadd06ac18
[2024-06-20T00:03:09.898+0000] {redshift_data.py:129} INFO - Query PICKED
[2024-06-20T00:03:19.912+0000] {redshift_data.py:113} INFO - Polling statement 05f7d584-37de-488c-a337-b7aadd06ac18
[2024-06-20T00:03:20.052+0000] {redshift_data.py:129} INFO - Query STARTED
[2024-06-20T00:03:30.064+0000] {redshift_data.py:113} INFO - Polling statement 05f7d584-37de-488c-a337-b7aadd06ac18
[2024-06-20T00:03:30.172+0000] {redshift_data.py:121} INFO - Processed 0 rows
[2024-06-20T00:03:30.197+0000] {taskinstance.py:1138} INFO - Marking task as SUCCESS. dag_id=s3_to_ml_to_AmazoneRedshiftServerless, task_id=setup_create_table, execution_date=20240619T000000, start_date=20240620T000308, end_date=20240620T000330
[2024-06-20T00:03:30.249+0000] {local_task_job_runner.py:234} INFO - Task exited with return code 0
[2024-06-20T00:03:30.263+0000] {taskinstance.py:3280} INFO - 1 downstream tasks scheduled from follow-on schedule check
