[2024-06-16T16:16:03.672+0000] {taskinstance.py:1956} INFO - Dependencies all met for dep_context=non-requeueable deps ti=<TaskInstance: s3_to_ml_to_postgres.setup_create_table manual__2024-06-16T16:12:38.525677+00:00 [queued]>
[2024-06-16T16:16:03.675+0000] {taskinstance.py:1956} INFO - Dependencies all met for dep_context=requeueable deps ti=<TaskInstance: s3_to_ml_to_postgres.setup_create_table manual__2024-06-16T16:12:38.525677+00:00 [queued]>
[2024-06-16T16:16:03.675+0000] {taskinstance.py:2170} INFO - Starting attempt 1 of 1
[2024-06-16T16:16:03.680+0000] {taskinstance.py:2191} INFO - Executing <Task(RedshiftDataOperator): setup_create_table> on 2024-06-16 16:12:38.525677+00:00
[2024-06-16T16:16:03.683+0000] {standard_task_runner.py:60} INFO - Started process 25282 to run task
[2024-06-16T16:16:03.685+0000] {standard_task_runner.py:87} INFO - Running: ['***', 'tasks', 'run', 's3_to_ml_to_postgres', 'setup_create_table', 'manual__2024-06-16T16:12:38.525677+00:00', '--job-id', '81', '--raw', '--subdir', 'DAGS_FOLDER/ml_dataset_preparation.py', '--cfg-path', '/tmp/tmpm85oqdjg']
[2024-06-16T16:16:03.686+0000] {standard_task_runner.py:88} INFO - Job 81: Subtask setup_create_table
[2024-06-16T16:16:03.702+0000] {task_command.py:423} INFO - Running <TaskInstance: s3_to_ml_to_postgres.setup_create_table manual__2024-06-16T16:12:38.525677+00:00 [running]> on host 22dc78ccc862
[2024-06-16T16:16:03.731+0000] {taskinstance.py:2480} INFO - Exporting env vars: AIRFLOW_CTX_DAG_OWNER='***' AIRFLOW_CTX_DAG_ID='s3_to_ml_to_postgres' AIRFLOW_CTX_TASK_ID='setup_create_table' AIRFLOW_CTX_EXECUTION_DATE='2024-06-16T16:12:38.525677+00:00' AIRFLOW_CTX_TRY_NUMBER='1' AIRFLOW_CTX_DAG_RUN_ID='manual__2024-06-16T16:12:38.525677+00:00'
[2024-06-16T16:16:03.731+0000] {redshift_data.py:122} INFO - Executing statement: 
DROP TABLE IF EXISTS transformed_data;
CREATE TABLE transformed_data(
                stationcode bigint,
                name varchar(255),
                is_installed boolean,
                capacity int,
                numdocksavailable int,
                numbikesavailable int,
                mechanical int,
                ebike int,
                is_renting boolean,
                is_returning boolean,
                nom_arrondissement_communes varchar(255),
                code_insee_commune varchar(255),
                longitude double precision, 
                latitude double precision, 
                date timestamp, 
                year int, 
                month int, 
                day int, 
                time time
                );
    
[2024-06-16T16:16:03.734+0000] {base.py:83} INFO - Using connection ID 'aws_default' for task execution.
[2024-06-16T16:16:03.734+0000] {connection_wrapper.py:378} INFO - AWS Connection (conn_id='aws_default', conn_type='aws') credentials retrieved from login and password.
[2024-06-16T16:16:05.221+0000] {redshift_data.py:113} INFO - Polling statement 6d48dff7-ba99-4354-bda2-500aec33fdbe
[2024-06-16T16:16:05.308+0000] {redshift_data.py:129} INFO - Query PICKED
[2024-06-16T16:16:15.320+0000] {redshift_data.py:113} INFO - Polling statement 6d48dff7-ba99-4354-bda2-500aec33fdbe
[2024-06-16T16:16:15.470+0000] {redshift_data.py:121} INFO - Processed 0 rows
[2024-06-16T16:16:15.505+0000] {taskinstance.py:1138} INFO - Marking task as SUCCESS. dag_id=s3_to_ml_to_postgres, task_id=setup_create_table, execution_date=20240616T161238, start_date=20240616T161603, end_date=20240616T161615
[2024-06-16T16:16:15.524+0000] {local_task_job_runner.py:234} INFO - Task exited with return code 0
[2024-06-16T16:16:15.540+0000] {taskinstance.py:3280} INFO - 1 downstream tasks scheduled from follow-on schedule check
