[2024-06-13 20:26:09,598] {taskinstance.py:1159} INFO - Dependencies all met for <TaskInstance: s3_to_ml_to_postgres.extract_data_from_s3 manual__2024-06-13T20:26:09.160503+00:00 [queued]>
[2024-06-13 20:26:09,601] {taskinstance.py:1159} INFO - Dependencies all met for <TaskInstance: s3_to_ml_to_postgres.extract_data_from_s3 manual__2024-06-13T20:26:09.160503+00:00 [queued]>
[2024-06-13 20:26:09,601] {taskinstance.py:1356} INFO - 
--------------------------------------------------------------------------------
[2024-06-13 20:26:09,601] {taskinstance.py:1357} INFO - Starting attempt 1 of 2
[2024-06-13 20:26:09,601] {taskinstance.py:1358} INFO - 
--------------------------------------------------------------------------------
[2024-06-13 20:26:09,607] {taskinstance.py:1377} INFO - Executing <Task(PythonOperator): extract_data_from_s3> on 2024-06-13 20:26:09.160503+00:00
[2024-06-13 20:26:09,609] {standard_task_runner.py:52} INFO - Started process 4864 to run task
[2024-06-13 20:26:09,611] {standard_task_runner.py:79} INFO - Running: ['***', 'tasks', 'run', 's3_to_ml_to_postgres', 'extract_data_from_s3', 'manual__2024-06-13T20:26:09.160503+00:00', '--job-id', '11', '--raw', '--subdir', 'DAGS_FOLDER/ml_dataset_preparation.py', '--cfg-path', '/tmp/tmp2if6rfih', '--error-file', '/tmp/tmpfvgvbr4_']
[2024-06-13 20:26:09,611] {standard_task_runner.py:80} INFO - Job 11: Subtask extract_data_from_s3
[2024-06-13 20:26:09,631] {task_command.py:370} INFO - Running <TaskInstance: s3_to_ml_to_postgres.extract_data_from_s3 manual__2024-06-13T20:26:09.160503+00:00 [running]> on host 92769061d4a4
[2024-06-13 20:26:09,657] {taskinstance.py:1571} INFO - Exporting the following env vars:
AIRFLOW_CTX_DAG_OWNER=***
AIRFLOW_CTX_DAG_ID=s3_to_ml_to_postgres
AIRFLOW_CTX_TASK_ID=extract_data_from_s3
AIRFLOW_CTX_EXECUTION_DATE=2024-06-13T20:26:09.160503+00:00
AIRFLOW_CTX_TRY_NUMBER=1
AIRFLOW_CTX_DAG_RUN_ID=manual__2024-06-13T20:26:09.160503+00:00
[2024-06-13 20:26:09,660] {base.py:68} INFO - Using connection ID 'aws_default' for task execution.
[2024-06-13 20:26:09,661] {base_aws.py:206} INFO - Credentials retrieved from login
[2024-06-13 20:26:10,049] {base.py:68} INFO - Using connection ID 'aws_default' for task execution.
[2024-06-13 20:26:10,050] {base_aws.py:206} INFO - Credentials retrieved from login
[2024-06-13 20:26:10,228] {base.py:68} INFO - Using connection ID 'aws_default' for task execution.
[2024-06-13 20:26:10,228] {base_aws.py:206} INFO - Credentials retrieved from login
[2024-06-13 20:26:10,423] {base.py:68} INFO - Using connection ID 'aws_default' for task execution.
[2024-06-13 20:26:10,423] {base_aws.py:206} INFO - Credentials retrieved from login
[2024-06-13 20:26:10,594] {base.py:68} INFO - Using connection ID 'aws_default' for task execution.
[2024-06-13 20:26:10,594] {base_aws.py:206} INFO - Credentials retrieved from login
[2024-06-13 20:26:10,783] {base.py:68} INFO - Using connection ID 'aws_default' for task execution.
[2024-06-13 20:26:10,783] {base_aws.py:206} INFO - Credentials retrieved from login
[2024-06-13 20:26:11,036] {base.py:68} INFO - Using connection ID 'aws_default' for task execution.
[2024-06-13 20:26:11,036] {base_aws.py:206} INFO - Credentials retrieved from login
[2024-06-13 20:26:11,213] {base.py:68} INFO - Using connection ID 'aws_default' for task execution.
[2024-06-13 20:26:11,214] {base_aws.py:206} INFO - Credentials retrieved from login
[2024-06-13 20:26:11,408] {base.py:68} INFO - Using connection ID 'aws_default' for task execution.
[2024-06-13 20:26:11,408] {base_aws.py:206} INFO - Credentials retrieved from login
[2024-06-13 20:26:11,662] {base.py:68} INFO - Using connection ID 'aws_default' for task execution.
[2024-06-13 20:26:11,663] {base_aws.py:206} INFO - Credentials retrieved from login
[2024-06-13 20:26:11,860] {base.py:68} INFO - Using connection ID 'aws_default' for task execution.
[2024-06-13 20:26:11,860] {base_aws.py:206} INFO - Credentials retrieved from login
[2024-06-13 20:26:12,103] {base.py:68} INFO - Using connection ID 'aws_default' for task execution.
[2024-06-13 20:26:12,104] {base_aws.py:206} INFO - Credentials retrieved from login
[2024-06-13 20:26:12,255] {base.py:68} INFO - Using connection ID 'aws_default' for task execution.
[2024-06-13 20:26:12,255] {base_aws.py:206} INFO - Credentials retrieved from login
[2024-06-13 20:26:12,413] {base.py:68} INFO - Using connection ID 'aws_default' for task execution.
[2024-06-13 20:26:12,413] {base_aws.py:206} INFO - Credentials retrieved from login
[2024-06-13 20:26:12,585] {base.py:68} INFO - Using connection ID 'aws_default' for task execution.
[2024-06-13 20:26:12,585] {base_aws.py:206} INFO - Credentials retrieved from login
[2024-06-13 20:26:12,748] {base.py:68} INFO - Using connection ID 'aws_default' for task execution.
[2024-06-13 20:26:12,748] {base_aws.py:206} INFO - Credentials retrieved from login
[2024-06-13 20:26:13,061] {base.py:68} INFO - Using connection ID 'aws_default' for task execution.
[2024-06-13 20:26:13,061] {base_aws.py:206} INFO - Credentials retrieved from login
[2024-06-13 20:26:13,249] {base.py:68} INFO - Using connection ID 'aws_default' for task execution.
[2024-06-13 20:26:13,249] {base_aws.py:206} INFO - Credentials retrieved from login
[2024-06-13 20:26:13,409] {base.py:68} INFO - Using connection ID 'aws_default' for task execution.
[2024-06-13 20:26:13,410] {base_aws.py:206} INFO - Credentials retrieved from login
[2024-06-13 20:26:13,586] {base.py:68} INFO - Using connection ID 'aws_default' for task execution.
[2024-06-13 20:26:13,586] {base_aws.py:206} INFO - Credentials retrieved from login
[2024-06-13 20:26:13,741] {base.py:68} INFO - Using connection ID 'aws_default' for task execution.
[2024-06-13 20:26:13,741] {base_aws.py:206} INFO - Credentials retrieved from login
[2024-06-13 20:26:13,976] {base.py:68} INFO - Using connection ID 'aws_default' for task execution.
[2024-06-13 20:26:13,976] {base_aws.py:206} INFO - Credentials retrieved from login
[2024-06-13 20:26:14,128] {base.py:68} INFO - Using connection ID 'aws_default' for task execution.
[2024-06-13 20:26:14,128] {base_aws.py:206} INFO - Credentials retrieved from login
[2024-06-13 20:26:14,343] {base.py:68} INFO - Using connection ID 'aws_default' for task execution.
[2024-06-13 20:26:14,344] {base_aws.py:206} INFO - Credentials retrieved from login
[2024-06-13 20:26:14,524] {base.py:68} INFO - Using connection ID 'aws_default' for task execution.
[2024-06-13 20:26:14,525] {base_aws.py:206} INFO - Credentials retrieved from login
[2024-06-13 20:26:14,691] {base.py:68} INFO - Using connection ID 'aws_default' for task execution.
[2024-06-13 20:26:14,691] {base_aws.py:206} INFO - Credentials retrieved from login
[2024-06-13 20:26:14,930] {base.py:68} INFO - Using connection ID 'aws_default' for task execution.
[2024-06-13 20:26:14,930] {base_aws.py:206} INFO - Credentials retrieved from login
[2024-06-13 20:26:15,118] {base.py:68} INFO - Using connection ID 'aws_default' for task execution.
[2024-06-13 20:26:15,119] {base_aws.py:206} INFO - Credentials retrieved from login
[2024-06-13 20:26:15,312] {base.py:68} INFO - Using connection ID 'aws_default' for task execution.
[2024-06-13 20:26:15,312] {base_aws.py:206} INFO - Credentials retrieved from login
[2024-06-13 20:26:15,495] {base.py:68} INFO - Using connection ID 'aws_default' for task execution.
[2024-06-13 20:26:15,495] {base_aws.py:206} INFO - Credentials retrieved from login
[2024-06-13 20:26:15,666] {base.py:68} INFO - Using connection ID 'aws_default' for task execution.
[2024-06-13 20:26:15,667] {base_aws.py:206} INFO - Credentials retrieved from login
[2024-06-13 20:26:15,932] {base.py:68} INFO - Using connection ID 'aws_default' for task execution.
[2024-06-13 20:26:15,933] {base_aws.py:206} INFO - Credentials retrieved from login
[2024-06-13 20:26:16,152] {base.py:68} INFO - Using connection ID 'aws_default' for task execution.
[2024-06-13 20:26:16,153] {base_aws.py:206} INFO - Credentials retrieved from login
[2024-06-13 20:26:16,363] {base.py:68} INFO - Using connection ID 'aws_default' for task execution.
[2024-06-13 20:26:16,363] {base_aws.py:206} INFO - Credentials retrieved from login
[2024-06-13 20:26:16,652] {base.py:68} INFO - Using connection ID 'aws_default' for task execution.
[2024-06-13 20:26:16,653] {base_aws.py:206} INFO - Credentials retrieved from login
[2024-06-13 20:26:16,881] {base.py:68} INFO - Using connection ID 'aws_default' for task execution.
[2024-06-13 20:26:16,882] {base_aws.py:206} INFO - Credentials retrieved from login
[2024-06-13 20:26:17,123] {base.py:68} INFO - Using connection ID 'aws_default' for task execution.
[2024-06-13 20:26:17,123] {base_aws.py:206} INFO - Credentials retrieved from login
[2024-06-13 20:26:17,263] {base.py:68} INFO - Using connection ID 'aws_default' for task execution.
[2024-06-13 20:26:17,263] {base_aws.py:206} INFO - Credentials retrieved from login
[2024-06-13 20:26:17,448] {base.py:68} INFO - Using connection ID 'aws_default' for task execution.
[2024-06-13 20:26:17,448] {base_aws.py:206} INFO - Credentials retrieved from login
[2024-06-13 20:26:17,603] {base.py:68} INFO - Using connection ID 'aws_default' for task execution.
[2024-06-13 20:26:17,603] {base_aws.py:206} INFO - Credentials retrieved from login
[2024-06-13 20:26:17,766] {base.py:68} INFO - Using connection ID 'aws_default' for task execution.
[2024-06-13 20:26:17,767] {base_aws.py:206} INFO - Credentials retrieved from login
[2024-06-13 20:26:17,925] {logging_mixin.py:115} INFO - Downloaded 40 file(s) from S3 to /opt/***/data/extracted_s3_data
[2024-06-13 20:26:17,926] {python.py:173} INFO - Done. Returned value was: None
[2024-06-13 20:26:17,940] {taskinstance.py:1400} INFO - Marking task as SUCCESS. dag_id=s3_to_ml_to_postgres, task_id=extract_data_from_s3, execution_date=20240613T202609, start_date=20240613T202609, end_date=20240613T202617
[2024-06-13 20:26:17,991] {local_task_job.py:156} INFO - Task exited with return code 0
[2024-06-13 20:26:18,010] {local_task_job.py:273} INFO - 1 downstream tasks scheduled from follow-on schedule check
