[2024-06-16T19:51:18.825+0000] {taskinstance.py:1956} INFO - Dependencies all met for dep_context=non-requeueable deps ti=<TaskInstance: s3_to_ml_to_postgres.setup_create_table manual__2024-06-16T19:48:57.135352+00:00 [queued]>
[2024-06-16T19:51:18.828+0000] {taskinstance.py:1956} INFO - Dependencies all met for dep_context=requeueable deps ti=<TaskInstance: s3_to_ml_to_postgres.setup_create_table manual__2024-06-16T19:48:57.135352+00:00 [queued]>
[2024-06-16T19:51:18.829+0000] {taskinstance.py:2170} INFO - Starting attempt 1 of 1
[2024-06-16T19:51:18.833+0000] {taskinstance.py:2191} INFO - Executing <Task(RedshiftDataOperator): setup_create_table> on 2024-06-16 19:48:57.135352+00:00
[2024-06-16T19:51:18.836+0000] {standard_task_runner.py:60} INFO - Started process 34775 to run task
[2024-06-16T19:51:18.838+0000] {standard_task_runner.py:87} INFO - Running: ['***', 'tasks', 'run', 's3_to_ml_to_postgres', 'setup_create_table', 'manual__2024-06-16T19:48:57.135352+00:00', '--job-id', '186', '--raw', '--subdir', 'DAGS_FOLDER/ml_dataset_preparation.py', '--cfg-path', '/tmp/tmpmluch57r']
[2024-06-16T19:51:18.839+0000] {standard_task_runner.py:88} INFO - Job 186: Subtask setup_create_table
[2024-06-16T19:51:18.859+0000] {task_command.py:423} INFO - Running <TaskInstance: s3_to_ml_to_postgres.setup_create_table manual__2024-06-16T19:48:57.135352+00:00 [running]> on host 22dc78ccc862
[2024-06-16T19:51:18.889+0000] {taskinstance.py:2480} INFO - Exporting env vars: AIRFLOW_CTX_DAG_OWNER='***' AIRFLOW_CTX_DAG_ID='s3_to_ml_to_postgres' AIRFLOW_CTX_TASK_ID='setup_create_table' AIRFLOW_CTX_EXECUTION_DATE='2024-06-16T19:48:57.135352+00:00' AIRFLOW_CTX_TRY_NUMBER='1' AIRFLOW_CTX_DAG_RUN_ID='manual__2024-06-16T19:48:57.135352+00:00'
[2024-06-16T19:51:18.890+0000] {redshift_data.py:122} INFO - Executing statement: 
    DROP TABLE IF EXISTS transformed_data;
    CREATE TABLE transformed_data (
        stationcode VARCHAR(255),
        name VARCHAR(255),
        is_installed BOOLEAN,
        capacity INT,
        numdocksavailable INT,
        numbikesavailable INT,
        mechanical INT,
        ebike INT,
        is_renting BOOLEAN,
        is_returning BOOLEAN,
        nom_arrondissement_communes VARCHAR(255),
        code_insee_commune VARCHAR(255),
        longitude DOUBLE PRECISION, 
        latitude DOUBLE PRECISION, 
        date DATE, 
        year INT, 
        month INT, 
        day INT, 
        time TIME
    );
    
[2024-06-16T19:51:18.893+0000] {base.py:83} INFO - Using connection ID 'aws_default' for task execution.
[2024-06-16T19:51:18.893+0000] {connection_wrapper.py:378} INFO - AWS Connection (conn_id='aws_default', conn_type='aws') credentials retrieved from login and password.
[2024-06-16T19:51:19.846+0000] {redshift_data.py:113} INFO - Polling statement ac6eeebf-3ff4-493d-bcde-5a88ac87a1fa
[2024-06-16T19:51:19.950+0000] {redshift_data.py:129} INFO - Query PICKED
[2024-06-16T19:51:29.956+0000] {redshift_data.py:113} INFO - Polling statement ac6eeebf-3ff4-493d-bcde-5a88ac87a1fa
[2024-06-16T19:51:30.087+0000] {redshift_data.py:121} INFO - Processed 0 rows
[2024-06-16T19:51:30.099+0000] {taskinstance.py:1138} INFO - Marking task as SUCCESS. dag_id=s3_to_ml_to_postgres, task_id=setup_create_table, execution_date=20240616T194857, start_date=20240616T195118, end_date=20240616T195130
[2024-06-16T19:51:30.115+0000] {local_task_job_runner.py:234} INFO - Task exited with return code 0
[2024-06-16T19:51:30.123+0000] {taskinstance.py:3280} INFO - 1 downstream tasks scheduled from follow-on schedule check
