[2024-06-21T18:43:37.434+0000] {processor.py:161} INFO - Started process (PID=37) to work on /opt/airflow/dags/ml_dataset_preparation.py
[2024-06-21T18:43:37.435+0000] {processor.py:830} INFO - Processing file /opt/airflow/dags/ml_dataset_preparation.py for tasks to queue
[2024-06-21T18:43:37.436+0000] {logging_mixin.py:188} INFO - [2024-06-21T18:43:37.436+0000] {dagbag.py:538} INFO - Filling up the DagBag from /opt/airflow/dags/ml_dataset_preparation.py
[2024-06-21T18:43:37.722+0000] {processor.py:840} INFO - DAG(s) 's3_to_ml_to_AmazoneRedshiftServerless' retrieved from /opt/airflow/dags/ml_dataset_preparation.py
[2024-06-21T18:43:37.734+0000] {logging_mixin.py:188} INFO - [2024-06-21T18:43:37.733+0000] {dag.py:3036} INFO - Sync 1 DAGs
[2024-06-21T18:43:37.744+0000] {logging_mixin.py:188} INFO - [2024-06-21T18:43:37.744+0000] {dag.py:3823} INFO - Setting next_dagrun for s3_to_ml_to_AmazoneRedshiftServerless to 2024-06-21 00:00:00+00:00, run_after=2024-06-22 00:00:00+00:00
[2024-06-21T18:43:37.753+0000] {processor.py:183} INFO - Processing /opt/airflow/dags/ml_dataset_preparation.py took 0.322 seconds
[2024-06-21T18:44:07.850+0000] {processor.py:161} INFO - Started process (PID=63) to work on /opt/airflow/dags/ml_dataset_preparation.py
[2024-06-21T18:44:07.851+0000] {processor.py:830} INFO - Processing file /opt/airflow/dags/ml_dataset_preparation.py for tasks to queue
[2024-06-21T18:44:07.851+0000] {logging_mixin.py:188} INFO - [2024-06-21T18:44:07.851+0000] {dagbag.py:538} INFO - Filling up the DagBag from /opt/airflow/dags/ml_dataset_preparation.py
[2024-06-21T18:44:08.046+0000] {processor.py:840} INFO - DAG(s) 's3_to_ml_to_AmazoneRedshiftServerless' retrieved from /opt/airflow/dags/ml_dataset_preparation.py
[2024-06-21T18:44:08.055+0000] {logging_mixin.py:188} INFO - [2024-06-21T18:44:08.055+0000] {dag.py:3036} INFO - Sync 1 DAGs
[2024-06-21T18:44:08.065+0000] {logging_mixin.py:188} INFO - [2024-06-21T18:44:08.065+0000] {dag.py:3823} INFO - Setting next_dagrun for s3_to_ml_to_AmazoneRedshiftServerless to 2024-06-21 00:00:00+00:00, run_after=2024-06-22 00:00:00+00:00
[2024-06-21T18:44:08.072+0000] {processor.py:183} INFO - Processing /opt/airflow/dags/ml_dataset_preparation.py took 0.224 seconds
[2024-06-21T18:44:38.212+0000] {processor.py:161} INFO - Started process (PID=89) to work on /opt/airflow/dags/ml_dataset_preparation.py
[2024-06-21T18:44:38.213+0000] {processor.py:830} INFO - Processing file /opt/airflow/dags/ml_dataset_preparation.py for tasks to queue
[2024-06-21T18:44:38.214+0000] {logging_mixin.py:188} INFO - [2024-06-21T18:44:38.214+0000] {dagbag.py:538} INFO - Filling up the DagBag from /opt/airflow/dags/ml_dataset_preparation.py
[2024-06-21T18:44:38.419+0000] {processor.py:840} INFO - DAG(s) 's3_to_ml_to_AmazoneRedshiftServerless' retrieved from /opt/airflow/dags/ml_dataset_preparation.py
[2024-06-21T18:44:38.429+0000] {logging_mixin.py:188} INFO - [2024-06-21T18:44:38.428+0000] {dag.py:3036} INFO - Sync 1 DAGs
[2024-06-21T18:44:38.438+0000] {logging_mixin.py:188} INFO - [2024-06-21T18:44:38.438+0000] {dag.py:3823} INFO - Setting next_dagrun for s3_to_ml_to_AmazoneRedshiftServerless to 2024-06-21 00:00:00+00:00, run_after=2024-06-22 00:00:00+00:00
[2024-06-21T18:44:38.446+0000] {processor.py:183} INFO - Processing /opt/airflow/dags/ml_dataset_preparation.py took 0.237 seconds
[2024-06-21T18:45:08.608+0000] {processor.py:161} INFO - Started process (PID=107) to work on /opt/airflow/dags/ml_dataset_preparation.py
[2024-06-21T18:45:08.609+0000] {processor.py:830} INFO - Processing file /opt/airflow/dags/ml_dataset_preparation.py for tasks to queue
[2024-06-21T18:45:08.610+0000] {logging_mixin.py:188} INFO - [2024-06-21T18:45:08.610+0000] {dagbag.py:538} INFO - Filling up the DagBag from /opt/airflow/dags/ml_dataset_preparation.py
[2024-06-21T18:45:08.818+0000] {processor.py:840} INFO - DAG(s) 's3_to_ml_to_AmazoneRedshiftServerless' retrieved from /opt/airflow/dags/ml_dataset_preparation.py
[2024-06-21T18:45:08.829+0000] {logging_mixin.py:188} INFO - [2024-06-21T18:45:08.828+0000] {dag.py:3036} INFO - Sync 1 DAGs
[2024-06-21T18:45:08.837+0000] {logging_mixin.py:188} INFO - [2024-06-21T18:45:08.837+0000] {dag.py:3823} INFO - Setting next_dagrun for s3_to_ml_to_AmazoneRedshiftServerless to 2024-06-21 00:00:00+00:00, run_after=2024-06-22 00:00:00+00:00
[2024-06-21T18:45:08.845+0000] {processor.py:183} INFO - Processing /opt/airflow/dags/ml_dataset_preparation.py took 0.239 seconds
[2024-06-21T18:45:39.078+0000] {processor.py:161} INFO - Started process (PID=133) to work on /opt/airflow/dags/ml_dataset_preparation.py
[2024-06-21T18:45:39.079+0000] {processor.py:830} INFO - Processing file /opt/airflow/dags/ml_dataset_preparation.py for tasks to queue
[2024-06-21T18:45:39.079+0000] {logging_mixin.py:188} INFO - [2024-06-21T18:45:39.079+0000] {dagbag.py:538} INFO - Filling up the DagBag from /opt/airflow/dags/ml_dataset_preparation.py
[2024-06-21T18:45:39.258+0000] {processor.py:840} INFO - DAG(s) 's3_to_ml_to_AmazoneRedshiftServerless' retrieved from /opt/airflow/dags/ml_dataset_preparation.py
[2024-06-21T18:45:39.268+0000] {logging_mixin.py:188} INFO - [2024-06-21T18:45:39.267+0000] {dag.py:3036} INFO - Sync 1 DAGs
[2024-06-21T18:45:39.277+0000] {logging_mixin.py:188} INFO - [2024-06-21T18:45:39.277+0000] {dag.py:3823} INFO - Setting next_dagrun for s3_to_ml_to_AmazoneRedshiftServerless to 2024-06-21 00:00:00+00:00, run_after=2024-06-22 00:00:00+00:00
[2024-06-21T18:45:39.284+0000] {processor.py:183} INFO - Processing /opt/airflow/dags/ml_dataset_preparation.py took 0.207 seconds
[2024-06-21T18:46:09.366+0000] {processor.py:161} INFO - Started process (PID=159) to work on /opt/airflow/dags/ml_dataset_preparation.py
[2024-06-21T18:46:09.367+0000] {processor.py:830} INFO - Processing file /opt/airflow/dags/ml_dataset_preparation.py for tasks to queue
[2024-06-21T18:46:09.369+0000] {logging_mixin.py:188} INFO - [2024-06-21T18:46:09.369+0000] {dagbag.py:538} INFO - Filling up the DagBag from /opt/airflow/dags/ml_dataset_preparation.py
[2024-06-21T18:46:09.568+0000] {processor.py:840} INFO - DAG(s) 's3_to_ml_to_AmazoneRedshiftServerless' retrieved from /opt/airflow/dags/ml_dataset_preparation.py
[2024-06-21T18:46:09.576+0000] {logging_mixin.py:188} INFO - [2024-06-21T18:46:09.576+0000] {dag.py:3036} INFO - Sync 1 DAGs
[2024-06-21T18:46:09.583+0000] {logging_mixin.py:188} INFO - [2024-06-21T18:46:09.583+0000] {dag.py:3823} INFO - Setting next_dagrun for s3_to_ml_to_AmazoneRedshiftServerless to 2024-06-21 00:00:00+00:00, run_after=2024-06-22 00:00:00+00:00
[2024-06-21T18:46:09.590+0000] {processor.py:183} INFO - Processing /opt/airflow/dags/ml_dataset_preparation.py took 0.228 seconds
[2024-06-21T18:46:39.772+0000] {processor.py:161} INFO - Started process (PID=177) to work on /opt/airflow/dags/ml_dataset_preparation.py
[2024-06-21T18:46:39.774+0000] {processor.py:830} INFO - Processing file /opt/airflow/dags/ml_dataset_preparation.py for tasks to queue
[2024-06-21T18:46:39.777+0000] {logging_mixin.py:188} INFO - [2024-06-21T18:46:39.776+0000] {dagbag.py:538} INFO - Filling up the DagBag from /opt/airflow/dags/ml_dataset_preparation.py
[2024-06-21T18:46:39.975+0000] {processor.py:840} INFO - DAG(s) 's3_to_ml_to_AmazoneRedshiftServerless' retrieved from /opt/airflow/dags/ml_dataset_preparation.py
[2024-06-21T18:46:39.983+0000] {logging_mixin.py:188} INFO - [2024-06-21T18:46:39.983+0000] {dag.py:3036} INFO - Sync 1 DAGs
[2024-06-21T18:46:39.992+0000] {logging_mixin.py:188} INFO - [2024-06-21T18:46:39.992+0000] {dag.py:3823} INFO - Setting next_dagrun for s3_to_ml_to_AmazoneRedshiftServerless to 2024-06-21 00:00:00+00:00, run_after=2024-06-22 00:00:00+00:00
[2024-06-21T18:46:39.999+0000] {processor.py:183} INFO - Processing /opt/airflow/dags/ml_dataset_preparation.py took 0.233 seconds
[2024-06-21T18:47:10.111+0000] {processor.py:161} INFO - Started process (PID=203) to work on /opt/airflow/dags/ml_dataset_preparation.py
[2024-06-21T18:47:10.113+0000] {processor.py:830} INFO - Processing file /opt/airflow/dags/ml_dataset_preparation.py for tasks to queue
[2024-06-21T18:47:10.115+0000] {logging_mixin.py:188} INFO - [2024-06-21T18:47:10.115+0000] {dagbag.py:538} INFO - Filling up the DagBag from /opt/airflow/dags/ml_dataset_preparation.py
[2024-06-21T18:47:10.311+0000] {processor.py:840} INFO - DAG(s) 's3_to_ml_to_AmazoneRedshiftServerless' retrieved from /opt/airflow/dags/ml_dataset_preparation.py
[2024-06-21T18:47:10.320+0000] {logging_mixin.py:188} INFO - [2024-06-21T18:47:10.319+0000] {dag.py:3036} INFO - Sync 1 DAGs
[2024-06-21T18:47:10.327+0000] {logging_mixin.py:188} INFO - [2024-06-21T18:47:10.327+0000] {dag.py:3823} INFO - Setting next_dagrun for s3_to_ml_to_AmazoneRedshiftServerless to 2024-06-21 00:00:00+00:00, run_after=2024-06-22 00:00:00+00:00
[2024-06-21T18:47:10.333+0000] {processor.py:183} INFO - Processing /opt/airflow/dags/ml_dataset_preparation.py took 0.227 seconds
[2024-06-21T18:47:40.495+0000] {processor.py:161} INFO - Started process (PID=229) to work on /opt/airflow/dags/ml_dataset_preparation.py
[2024-06-21T18:47:40.497+0000] {processor.py:830} INFO - Processing file /opt/airflow/dags/ml_dataset_preparation.py for tasks to queue
[2024-06-21T18:47:40.499+0000] {logging_mixin.py:188} INFO - [2024-06-21T18:47:40.499+0000] {dagbag.py:538} INFO - Filling up the DagBag from /opt/airflow/dags/ml_dataset_preparation.py
[2024-06-21T18:47:40.711+0000] {processor.py:840} INFO - DAG(s) 's3_to_ml_to_AmazoneRedshiftServerless' retrieved from /opt/airflow/dags/ml_dataset_preparation.py
[2024-06-21T18:47:40.719+0000] {logging_mixin.py:188} INFO - [2024-06-21T18:47:40.719+0000] {dag.py:3036} INFO - Sync 1 DAGs
[2024-06-21T18:47:40.729+0000] {logging_mixin.py:188} INFO - [2024-06-21T18:47:40.728+0000] {dag.py:3823} INFO - Setting next_dagrun for s3_to_ml_to_AmazoneRedshiftServerless to 2024-06-21 00:00:00+00:00, run_after=2024-06-22 00:00:00+00:00
[2024-06-21T18:47:40.736+0000] {processor.py:183} INFO - Processing /opt/airflow/dags/ml_dataset_preparation.py took 0.246 seconds
[2024-06-21T18:48:10.842+0000] {processor.py:161} INFO - Started process (PID=255) to work on /opt/airflow/dags/ml_dataset_preparation.py
[2024-06-21T18:48:10.843+0000] {processor.py:830} INFO - Processing file /opt/airflow/dags/ml_dataset_preparation.py for tasks to queue
[2024-06-21T18:48:10.845+0000] {logging_mixin.py:188} INFO - [2024-06-21T18:48:10.845+0000] {dagbag.py:538} INFO - Filling up the DagBag from /opt/airflow/dags/ml_dataset_preparation.py
[2024-06-21T18:48:11.030+0000] {processor.py:840} INFO - DAG(s) 's3_to_ml_to_AmazoneRedshiftServerless' retrieved from /opt/airflow/dags/ml_dataset_preparation.py
[2024-06-21T18:48:11.039+0000] {logging_mixin.py:188} INFO - [2024-06-21T18:48:11.039+0000] {dag.py:3036} INFO - Sync 1 DAGs
[2024-06-21T18:48:11.047+0000] {logging_mixin.py:188} INFO - [2024-06-21T18:48:11.046+0000] {dag.py:3823} INFO - Setting next_dagrun for s3_to_ml_to_AmazoneRedshiftServerless to 2024-06-21 00:00:00+00:00, run_after=2024-06-22 00:00:00+00:00
[2024-06-21T18:48:11.054+0000] {processor.py:183} INFO - Processing /opt/airflow/dags/ml_dataset_preparation.py took 0.216 seconds
[2024-06-21T18:48:41.213+0000] {processor.py:161} INFO - Started process (PID=273) to work on /opt/airflow/dags/ml_dataset_preparation.py
[2024-06-21T18:48:41.214+0000] {processor.py:830} INFO - Processing file /opt/airflow/dags/ml_dataset_preparation.py for tasks to queue
[2024-06-21T18:48:41.216+0000] {logging_mixin.py:188} INFO - [2024-06-21T18:48:41.215+0000] {dagbag.py:538} INFO - Filling up the DagBag from /opt/airflow/dags/ml_dataset_preparation.py
[2024-06-21T18:48:41.395+0000] {processor.py:840} INFO - DAG(s) 's3_to_ml_to_AmazoneRedshiftServerless' retrieved from /opt/airflow/dags/ml_dataset_preparation.py
[2024-06-21T18:48:41.403+0000] {logging_mixin.py:188} INFO - [2024-06-21T18:48:41.403+0000] {dag.py:3036} INFO - Sync 1 DAGs
[2024-06-21T18:48:41.411+0000] {logging_mixin.py:188} INFO - [2024-06-21T18:48:41.411+0000] {dag.py:3823} INFO - Setting next_dagrun for s3_to_ml_to_AmazoneRedshiftServerless to 2024-06-21 00:00:00+00:00, run_after=2024-06-22 00:00:00+00:00
[2024-06-21T18:48:41.417+0000] {processor.py:183} INFO - Processing /opt/airflow/dags/ml_dataset_preparation.py took 0.207 seconds
[2024-06-21T18:49:11.558+0000] {processor.py:161} INFO - Started process (PID=299) to work on /opt/airflow/dags/ml_dataset_preparation.py
[2024-06-21T18:49:11.561+0000] {processor.py:830} INFO - Processing file /opt/airflow/dags/ml_dataset_preparation.py for tasks to queue
[2024-06-21T18:49:11.563+0000] {logging_mixin.py:188} INFO - [2024-06-21T18:49:11.562+0000] {dagbag.py:538} INFO - Filling up the DagBag from /opt/airflow/dags/ml_dataset_preparation.py
[2024-06-21T18:49:11.786+0000] {processor.py:840} INFO - DAG(s) 's3_to_ml_to_AmazoneRedshiftServerless' retrieved from /opt/airflow/dags/ml_dataset_preparation.py
[2024-06-21T18:49:11.796+0000] {logging_mixin.py:188} INFO - [2024-06-21T18:49:11.795+0000] {dag.py:3036} INFO - Sync 1 DAGs
[2024-06-21T18:49:11.804+0000] {logging_mixin.py:188} INFO - [2024-06-21T18:49:11.804+0000] {dag.py:3823} INFO - Setting next_dagrun for s3_to_ml_to_AmazoneRedshiftServerless to 2024-06-21 00:00:00+00:00, run_after=2024-06-22 00:00:00+00:00
[2024-06-21T18:49:11.812+0000] {processor.py:183} INFO - Processing /opt/airflow/dags/ml_dataset_preparation.py took 0.258 seconds
[2024-06-21T18:49:41.935+0000] {processor.py:161} INFO - Started process (PID=324) to work on /opt/airflow/dags/ml_dataset_preparation.py
[2024-06-21T18:49:41.937+0000] {processor.py:830} INFO - Processing file /opt/airflow/dags/ml_dataset_preparation.py for tasks to queue
[2024-06-21T18:49:41.939+0000] {logging_mixin.py:188} INFO - [2024-06-21T18:49:41.939+0000] {dagbag.py:538} INFO - Filling up the DagBag from /opt/airflow/dags/ml_dataset_preparation.py
[2024-06-21T18:49:42.124+0000] {processor.py:840} INFO - DAG(s) 's3_to_ml_to_AmazoneRedshiftServerless' retrieved from /opt/airflow/dags/ml_dataset_preparation.py
[2024-06-21T18:49:42.132+0000] {logging_mixin.py:188} INFO - [2024-06-21T18:49:42.132+0000] {dag.py:3036} INFO - Sync 1 DAGs
[2024-06-21T18:49:42.140+0000] {logging_mixin.py:188} INFO - [2024-06-21T18:49:42.140+0000] {dag.py:3823} INFO - Setting next_dagrun for s3_to_ml_to_AmazoneRedshiftServerless to 2024-06-21 00:00:00+00:00, run_after=2024-06-22 00:00:00+00:00
[2024-06-21T18:49:42.146+0000] {processor.py:183} INFO - Processing /opt/airflow/dags/ml_dataset_preparation.py took 0.216 seconds
[2024-06-21T18:50:12.312+0000] {processor.py:161} INFO - Started process (PID=350) to work on /opt/airflow/dags/ml_dataset_preparation.py
[2024-06-21T18:50:12.313+0000] {processor.py:830} INFO - Processing file /opt/airflow/dags/ml_dataset_preparation.py for tasks to queue
[2024-06-21T18:50:12.314+0000] {logging_mixin.py:188} INFO - [2024-06-21T18:50:12.314+0000] {dagbag.py:538} INFO - Filling up the DagBag from /opt/airflow/dags/ml_dataset_preparation.py
[2024-06-21T18:50:12.508+0000] {processor.py:840} INFO - DAG(s) 's3_to_ml_to_AmazoneRedshiftServerless' retrieved from /opt/airflow/dags/ml_dataset_preparation.py
[2024-06-21T18:50:12.516+0000] {logging_mixin.py:188} INFO - [2024-06-21T18:50:12.515+0000] {dag.py:3036} INFO - Sync 1 DAGs
[2024-06-21T18:50:12.523+0000] {logging_mixin.py:188} INFO - [2024-06-21T18:50:12.523+0000] {dag.py:3823} INFO - Setting next_dagrun for s3_to_ml_to_AmazoneRedshiftServerless to 2024-06-21 00:00:00+00:00, run_after=2024-06-22 00:00:00+00:00
[2024-06-21T18:50:12.530+0000] {processor.py:183} INFO - Processing /opt/airflow/dags/ml_dataset_preparation.py took 0.221 seconds
[2024-06-21T18:50:42.672+0000] {processor.py:161} INFO - Started process (PID=367) to work on /opt/airflow/dags/ml_dataset_preparation.py
[2024-06-21T18:50:42.673+0000] {processor.py:830} INFO - Processing file /opt/airflow/dags/ml_dataset_preparation.py for tasks to queue
[2024-06-21T18:50:42.675+0000] {logging_mixin.py:188} INFO - [2024-06-21T18:50:42.675+0000] {dagbag.py:538} INFO - Filling up the DagBag from /opt/airflow/dags/ml_dataset_preparation.py
[2024-06-21T18:50:42.883+0000] {processor.py:840} INFO - DAG(s) 's3_to_ml_to_AmazoneRedshiftServerless' retrieved from /opt/airflow/dags/ml_dataset_preparation.py
[2024-06-21T18:50:42.894+0000] {logging_mixin.py:188} INFO - [2024-06-21T18:50:42.893+0000] {dag.py:3036} INFO - Sync 1 DAGs
[2024-06-21T18:50:42.903+0000] {logging_mixin.py:188} INFO - [2024-06-21T18:50:42.903+0000] {dag.py:3823} INFO - Setting next_dagrun for s3_to_ml_to_AmazoneRedshiftServerless to 2024-06-21 00:00:00+00:00, run_after=2024-06-22 00:00:00+00:00
[2024-06-21T18:50:42.911+0000] {processor.py:183} INFO - Processing /opt/airflow/dags/ml_dataset_preparation.py took 0.244 seconds
[2024-06-21T18:51:13.001+0000] {processor.py:161} INFO - Started process (PID=393) to work on /opt/airflow/dags/ml_dataset_preparation.py
[2024-06-21T18:51:13.002+0000] {processor.py:830} INFO - Processing file /opt/airflow/dags/ml_dataset_preparation.py for tasks to queue
[2024-06-21T18:51:13.003+0000] {logging_mixin.py:188} INFO - [2024-06-21T18:51:13.003+0000] {dagbag.py:538} INFO - Filling up the DagBag from /opt/airflow/dags/ml_dataset_preparation.py
[2024-06-21T18:51:13.175+0000] {processor.py:840} INFO - DAG(s) 's3_to_ml_to_AmazoneRedshiftServerless' retrieved from /opt/airflow/dags/ml_dataset_preparation.py
[2024-06-21T18:51:13.183+0000] {logging_mixin.py:188} INFO - [2024-06-21T18:51:13.183+0000] {dag.py:3036} INFO - Sync 1 DAGs
[2024-06-21T18:51:13.191+0000] {logging_mixin.py:188} INFO - [2024-06-21T18:51:13.191+0000] {dag.py:3823} INFO - Setting next_dagrun for s3_to_ml_to_AmazoneRedshiftServerless to 2024-06-21 00:00:00+00:00, run_after=2024-06-22 00:00:00+00:00
[2024-06-21T18:51:13.197+0000] {processor.py:183} INFO - Processing /opt/airflow/dags/ml_dataset_preparation.py took 0.198 seconds
[2024-06-21T18:51:43.386+0000] {processor.py:161} INFO - Started process (PID=419) to work on /opt/airflow/dags/ml_dataset_preparation.py
[2024-06-21T18:51:43.387+0000] {processor.py:830} INFO - Processing file /opt/airflow/dags/ml_dataset_preparation.py for tasks to queue
[2024-06-21T18:51:43.390+0000] {logging_mixin.py:188} INFO - [2024-06-21T18:51:43.389+0000] {dagbag.py:538} INFO - Filling up the DagBag from /opt/airflow/dags/ml_dataset_preparation.py
[2024-06-21T18:51:43.587+0000] {processor.py:840} INFO - DAG(s) 's3_to_ml_to_AmazoneRedshiftServerless' retrieved from /opt/airflow/dags/ml_dataset_preparation.py
[2024-06-21T18:51:43.595+0000] {logging_mixin.py:188} INFO - [2024-06-21T18:51:43.595+0000] {dag.py:3036} INFO - Sync 1 DAGs
[2024-06-21T18:51:43.603+0000] {logging_mixin.py:188} INFO - [2024-06-21T18:51:43.603+0000] {dag.py:3823} INFO - Setting next_dagrun for s3_to_ml_to_AmazoneRedshiftServerless to 2024-06-21 00:00:00+00:00, run_after=2024-06-22 00:00:00+00:00
[2024-06-21T18:51:43.609+0000] {processor.py:183} INFO - Processing /opt/airflow/dags/ml_dataset_preparation.py took 0.228 seconds
[2024-06-21T18:52:13.665+0000] {processor.py:161} INFO - Started process (PID=445) to work on /opt/airflow/dags/ml_dataset_preparation.py
[2024-06-21T18:52:13.666+0000] {processor.py:830} INFO - Processing file /opt/airflow/dags/ml_dataset_preparation.py for tasks to queue
[2024-06-21T18:52:13.667+0000] {logging_mixin.py:188} INFO - [2024-06-21T18:52:13.667+0000] {dagbag.py:538} INFO - Filling up the DagBag from /opt/airflow/dags/ml_dataset_preparation.py
[2024-06-21T18:52:13.854+0000] {processor.py:840} INFO - DAG(s) 's3_to_ml_to_AmazoneRedshiftServerless' retrieved from /opt/airflow/dags/ml_dataset_preparation.py
[2024-06-21T18:52:13.865+0000] {logging_mixin.py:188} INFO - [2024-06-21T18:52:13.865+0000] {dag.py:3036} INFO - Sync 1 DAGs
[2024-06-21T18:52:13.875+0000] {logging_mixin.py:188} INFO - [2024-06-21T18:52:13.875+0000] {dag.py:3823} INFO - Setting next_dagrun for s3_to_ml_to_AmazoneRedshiftServerless to 2024-06-21 00:00:00+00:00, run_after=2024-06-22 00:00:00+00:00
[2024-06-21T18:52:13.884+0000] {processor.py:183} INFO - Processing /opt/airflow/dags/ml_dataset_preparation.py took 0.221 seconds
[2024-06-21T18:52:44.157+0000] {processor.py:161} INFO - Started process (PID=462) to work on /opt/airflow/dags/ml_dataset_preparation.py
[2024-06-21T18:52:44.159+0000] {processor.py:830} INFO - Processing file /opt/airflow/dags/ml_dataset_preparation.py for tasks to queue
[2024-06-21T18:52:44.162+0000] {logging_mixin.py:188} INFO - [2024-06-21T18:52:44.161+0000] {dagbag.py:538} INFO - Filling up the DagBag from /opt/airflow/dags/ml_dataset_preparation.py
[2024-06-21T18:52:44.375+0000] {processor.py:840} INFO - DAG(s) 's3_to_ml_to_AmazoneRedshiftServerless' retrieved from /opt/airflow/dags/ml_dataset_preparation.py
[2024-06-21T18:52:44.383+0000] {logging_mixin.py:188} INFO - [2024-06-21T18:52:44.383+0000] {dag.py:3036} INFO - Sync 1 DAGs
[2024-06-21T18:52:44.391+0000] {logging_mixin.py:188} INFO - [2024-06-21T18:52:44.391+0000] {dag.py:3823} INFO - Setting next_dagrun for s3_to_ml_to_AmazoneRedshiftServerless to 2024-06-21 00:00:00+00:00, run_after=2024-06-22 00:00:00+00:00
[2024-06-21T18:52:44.398+0000] {processor.py:183} INFO - Processing /opt/airflow/dags/ml_dataset_preparation.py took 0.245 seconds
[2024-06-21T18:53:14.454+0000] {processor.py:161} INFO - Started process (PID=488) to work on /opt/airflow/dags/ml_dataset_preparation.py
[2024-06-21T18:53:14.455+0000] {processor.py:830} INFO - Processing file /opt/airflow/dags/ml_dataset_preparation.py for tasks to queue
[2024-06-21T18:53:14.458+0000] {logging_mixin.py:188} INFO - [2024-06-21T18:53:14.457+0000] {dagbag.py:538} INFO - Filling up the DagBag from /opt/airflow/dags/ml_dataset_preparation.py
[2024-06-21T18:53:14.657+0000] {processor.py:840} INFO - DAG(s) 's3_to_ml_to_AmazoneRedshiftServerless' retrieved from /opt/airflow/dags/ml_dataset_preparation.py
[2024-06-21T18:53:14.666+0000] {logging_mixin.py:188} INFO - [2024-06-21T18:53:14.666+0000] {dag.py:3036} INFO - Sync 1 DAGs
[2024-06-21T18:53:14.674+0000] {logging_mixin.py:188} INFO - [2024-06-21T18:53:14.674+0000] {dag.py:3823} INFO - Setting next_dagrun for s3_to_ml_to_AmazoneRedshiftServerless to 2024-06-21 00:00:00+00:00, run_after=2024-06-22 00:00:00+00:00
[2024-06-21T18:53:14.680+0000] {processor.py:183} INFO - Processing /opt/airflow/dags/ml_dataset_preparation.py took 0.232 seconds
[2024-06-21T18:53:44.926+0000] {processor.py:161} INFO - Started process (PID=514) to work on /opt/airflow/dags/ml_dataset_preparation.py
[2024-06-21T18:53:44.928+0000] {processor.py:830} INFO - Processing file /opt/airflow/dags/ml_dataset_preparation.py for tasks to queue
[2024-06-21T18:53:44.930+0000] {logging_mixin.py:188} INFO - [2024-06-21T18:53:44.929+0000] {dagbag.py:538} INFO - Filling up the DagBag from /opt/airflow/dags/ml_dataset_preparation.py
[2024-06-21T18:53:45.146+0000] {processor.py:840} INFO - DAG(s) 's3_to_ml_to_AmazoneRedshiftServerless' retrieved from /opt/airflow/dags/ml_dataset_preparation.py
[2024-06-21T18:53:45.155+0000] {logging_mixin.py:188} INFO - [2024-06-21T18:53:45.155+0000] {dag.py:3036} INFO - Sync 1 DAGs
[2024-06-21T18:53:45.164+0000] {logging_mixin.py:188} INFO - [2024-06-21T18:53:45.164+0000] {dag.py:3823} INFO - Setting next_dagrun for s3_to_ml_to_AmazoneRedshiftServerless to 2024-06-21 00:00:00+00:00, run_after=2024-06-22 00:00:00+00:00
[2024-06-21T18:53:45.171+0000] {processor.py:183} INFO - Processing /opt/airflow/dags/ml_dataset_preparation.py took 0.248 seconds
[2024-06-21T18:54:15.412+0000] {processor.py:161} INFO - Started process (PID=540) to work on /opt/airflow/dags/ml_dataset_preparation.py
[2024-06-21T18:54:15.412+0000] {processor.py:830} INFO - Processing file /opt/airflow/dags/ml_dataset_preparation.py for tasks to queue
[2024-06-21T18:54:15.413+0000] {logging_mixin.py:188} INFO - [2024-06-21T18:54:15.413+0000] {dagbag.py:538} INFO - Filling up the DagBag from /opt/airflow/dags/ml_dataset_preparation.py
[2024-06-21T18:54:15.610+0000] {processor.py:840} INFO - DAG(s) 's3_to_ml_to_AmazoneRedshiftServerless' retrieved from /opt/airflow/dags/ml_dataset_preparation.py
[2024-06-21T18:54:15.622+0000] {logging_mixin.py:188} INFO - [2024-06-21T18:54:15.622+0000] {dag.py:3036} INFO - Sync 1 DAGs
[2024-06-21T18:54:15.631+0000] {logging_mixin.py:188} INFO - [2024-06-21T18:54:15.631+0000] {dag.py:3823} INFO - Setting next_dagrun for s3_to_ml_to_AmazoneRedshiftServerless to 2024-06-21 00:00:00+00:00, run_after=2024-06-22 00:00:00+00:00
[2024-06-21T18:54:15.639+0000] {processor.py:183} INFO - Processing /opt/airflow/dags/ml_dataset_preparation.py took 0.229 seconds
[2024-06-21T18:54:45.706+0000] {processor.py:161} INFO - Started process (PID=558) to work on /opt/airflow/dags/ml_dataset_preparation.py
[2024-06-21T18:54:45.708+0000] {processor.py:830} INFO - Processing file /opt/airflow/dags/ml_dataset_preparation.py for tasks to queue
[2024-06-21T18:54:45.710+0000] {logging_mixin.py:188} INFO - [2024-06-21T18:54:45.709+0000] {dagbag.py:538} INFO - Filling up the DagBag from /opt/airflow/dags/ml_dataset_preparation.py
[2024-06-21T18:54:45.899+0000] {processor.py:840} INFO - DAG(s) 's3_to_ml_to_AmazoneRedshiftServerless' retrieved from /opt/airflow/dags/ml_dataset_preparation.py
[2024-06-21T18:54:45.907+0000] {logging_mixin.py:188} INFO - [2024-06-21T18:54:45.906+0000] {dag.py:3036} INFO - Sync 1 DAGs
[2024-06-21T18:54:45.915+0000] {logging_mixin.py:188} INFO - [2024-06-21T18:54:45.915+0000] {dag.py:3823} INFO - Setting next_dagrun for s3_to_ml_to_AmazoneRedshiftServerless to 2024-06-21 00:00:00+00:00, run_after=2024-06-22 00:00:00+00:00
[2024-06-21T18:54:45.921+0000] {processor.py:183} INFO - Processing /opt/airflow/dags/ml_dataset_preparation.py took 0.219 seconds
[2024-06-21T18:55:16.163+0000] {processor.py:161} INFO - Started process (PID=584) to work on /opt/airflow/dags/ml_dataset_preparation.py
[2024-06-21T18:55:16.165+0000] {processor.py:830} INFO - Processing file /opt/airflow/dags/ml_dataset_preparation.py for tasks to queue
[2024-06-21T18:55:16.171+0000] {logging_mixin.py:188} INFO - [2024-06-21T18:55:16.170+0000] {dagbag.py:538} INFO - Filling up the DagBag from /opt/airflow/dags/ml_dataset_preparation.py
[2024-06-21T18:55:16.354+0000] {processor.py:840} INFO - DAG(s) 's3_to_ml_to_AmazoneRedshiftServerless' retrieved from /opt/airflow/dags/ml_dataset_preparation.py
[2024-06-21T18:55:16.362+0000] {logging_mixin.py:188} INFO - [2024-06-21T18:55:16.362+0000] {dag.py:3036} INFO - Sync 1 DAGs
[2024-06-21T18:55:16.370+0000] {logging_mixin.py:188} INFO - [2024-06-21T18:55:16.370+0000] {dag.py:3823} INFO - Setting next_dagrun for s3_to_ml_to_AmazoneRedshiftServerless to 2024-06-21 00:00:00+00:00, run_after=2024-06-22 00:00:00+00:00
[2024-06-21T18:55:16.376+0000] {processor.py:183} INFO - Processing /opt/airflow/dags/ml_dataset_preparation.py took 0.218 seconds
[2024-06-21T18:55:46.396+0000] {processor.py:161} INFO - Started process (PID=609) to work on /opt/airflow/dags/ml_dataset_preparation.py
[2024-06-21T18:55:46.397+0000] {processor.py:830} INFO - Processing file /opt/airflow/dags/ml_dataset_preparation.py for tasks to queue
[2024-06-21T18:55:46.398+0000] {logging_mixin.py:188} INFO - [2024-06-21T18:55:46.398+0000] {dagbag.py:538} INFO - Filling up the DagBag from /opt/airflow/dags/ml_dataset_preparation.py
[2024-06-21T18:55:46.589+0000] {processor.py:840} INFO - DAG(s) 's3_to_ml_to_AmazoneRedshiftServerless' retrieved from /opt/airflow/dags/ml_dataset_preparation.py
[2024-06-21T18:55:46.599+0000] {logging_mixin.py:188} INFO - [2024-06-21T18:55:46.598+0000] {dag.py:3036} INFO - Sync 1 DAGs
[2024-06-21T18:55:46.609+0000] {logging_mixin.py:188} INFO - [2024-06-21T18:55:46.608+0000] {dag.py:3823} INFO - Setting next_dagrun for s3_to_ml_to_AmazoneRedshiftServerless to 2024-06-21 00:00:00+00:00, run_after=2024-06-22 00:00:00+00:00
[2024-06-21T18:55:46.617+0000] {processor.py:183} INFO - Processing /opt/airflow/dags/ml_dataset_preparation.py took 0.222 seconds
[2024-06-21T18:56:16.894+0000] {processor.py:161} INFO - Started process (PID=627) to work on /opt/airflow/dags/ml_dataset_preparation.py
[2024-06-21T18:56:16.896+0000] {processor.py:830} INFO - Processing file /opt/airflow/dags/ml_dataset_preparation.py for tasks to queue
[2024-06-21T18:56:16.898+0000] {logging_mixin.py:188} INFO - [2024-06-21T18:56:16.897+0000] {dagbag.py:538} INFO - Filling up the DagBag from /opt/airflow/dags/ml_dataset_preparation.py
[2024-06-21T18:56:17.100+0000] {processor.py:840} INFO - DAG(s) 's3_to_ml_to_AmazoneRedshiftServerless' retrieved from /opt/airflow/dags/ml_dataset_preparation.py
[2024-06-21T18:56:17.110+0000] {logging_mixin.py:188} INFO - [2024-06-21T18:56:17.109+0000] {dag.py:3036} INFO - Sync 1 DAGs
[2024-06-21T18:56:17.120+0000] {logging_mixin.py:188} INFO - [2024-06-21T18:56:17.120+0000] {dag.py:3823} INFO - Setting next_dagrun for s3_to_ml_to_AmazoneRedshiftServerless to 2024-06-21 00:00:00+00:00, run_after=2024-06-22 00:00:00+00:00
[2024-06-21T18:56:17.127+0000] {processor.py:183} INFO - Processing /opt/airflow/dags/ml_dataset_preparation.py took 0.237 seconds
[2024-06-21T18:56:47.207+0000] {processor.py:161} INFO - Started process (PID=652) to work on /opt/airflow/dags/ml_dataset_preparation.py
[2024-06-21T18:56:47.209+0000] {processor.py:830} INFO - Processing file /opt/airflow/dags/ml_dataset_preparation.py for tasks to queue
[2024-06-21T18:56:47.211+0000] {logging_mixin.py:188} INFO - [2024-06-21T18:56:47.211+0000] {dagbag.py:538} INFO - Filling up the DagBag from /opt/airflow/dags/ml_dataset_preparation.py
[2024-06-21T18:56:47.399+0000] {processor.py:840} INFO - DAG(s) 's3_to_ml_to_AmazoneRedshiftServerless' retrieved from /opt/airflow/dags/ml_dataset_preparation.py
[2024-06-21T18:56:47.409+0000] {logging_mixin.py:188} INFO - [2024-06-21T18:56:47.409+0000] {dag.py:3036} INFO - Sync 1 DAGs
[2024-06-21T18:56:47.420+0000] {logging_mixin.py:188} INFO - [2024-06-21T18:56:47.420+0000] {dag.py:3823} INFO - Setting next_dagrun for s3_to_ml_to_AmazoneRedshiftServerless to 2024-06-21 00:00:00+00:00, run_after=2024-06-22 00:00:00+00:00
[2024-06-21T18:56:47.428+0000] {processor.py:183} INFO - Processing /opt/airflow/dags/ml_dataset_preparation.py took 0.226 seconds
[2024-06-21T18:57:17.629+0000] {processor.py:161} INFO - Started process (PID=677) to work on /opt/airflow/dags/ml_dataset_preparation.py
[2024-06-21T18:57:17.630+0000] {processor.py:830} INFO - Processing file /opt/airflow/dags/ml_dataset_preparation.py for tasks to queue
[2024-06-21T18:57:17.633+0000] {logging_mixin.py:188} INFO - [2024-06-21T18:57:17.632+0000] {dagbag.py:538} INFO - Filling up the DagBag from /opt/airflow/dags/ml_dataset_preparation.py
[2024-06-21T18:57:17.831+0000] {processor.py:840} INFO - DAG(s) 's3_to_ml_to_AmazoneRedshiftServerless' retrieved from /opt/airflow/dags/ml_dataset_preparation.py
[2024-06-21T18:57:17.840+0000] {logging_mixin.py:188} INFO - [2024-06-21T18:57:17.840+0000] {dag.py:3036} INFO - Sync 1 DAGs
[2024-06-21T18:57:17.849+0000] {logging_mixin.py:188} INFO - [2024-06-21T18:57:17.849+0000] {dag.py:3823} INFO - Setting next_dagrun for s3_to_ml_to_AmazoneRedshiftServerless to 2024-06-21 00:00:00+00:00, run_after=2024-06-22 00:00:00+00:00
[2024-06-21T18:57:17.856+0000] {processor.py:183} INFO - Processing /opt/airflow/dags/ml_dataset_preparation.py took 0.232 seconds
[2024-06-21T18:57:47.936+0000] {processor.py:161} INFO - Started process (PID=702) to work on /opt/airflow/dags/ml_dataset_preparation.py
[2024-06-21T18:57:47.937+0000] {processor.py:830} INFO - Processing file /opt/airflow/dags/ml_dataset_preparation.py for tasks to queue
[2024-06-21T18:57:47.939+0000] {logging_mixin.py:188} INFO - [2024-06-21T18:57:47.939+0000] {dagbag.py:538} INFO - Filling up the DagBag from /opt/airflow/dags/ml_dataset_preparation.py
[2024-06-21T18:57:48.121+0000] {processor.py:840} INFO - DAG(s) 's3_to_ml_to_AmazoneRedshiftServerless' retrieved from /opt/airflow/dags/ml_dataset_preparation.py
[2024-06-21T18:57:48.128+0000] {logging_mixin.py:188} INFO - [2024-06-21T18:57:48.128+0000] {dag.py:3036} INFO - Sync 1 DAGs
[2024-06-21T18:57:48.136+0000] {logging_mixin.py:188} INFO - [2024-06-21T18:57:48.136+0000] {dag.py:3823} INFO - Setting next_dagrun for s3_to_ml_to_AmazoneRedshiftServerless to 2024-06-21 00:00:00+00:00, run_after=2024-06-22 00:00:00+00:00
[2024-06-21T18:57:48.142+0000] {processor.py:183} INFO - Processing /opt/airflow/dags/ml_dataset_preparation.py took 0.212 seconds
[2024-06-21T18:58:18.386+0000] {processor.py:161} INFO - Started process (PID=720) to work on /opt/airflow/dags/ml_dataset_preparation.py
[2024-06-21T18:58:18.388+0000] {processor.py:830} INFO - Processing file /opt/airflow/dags/ml_dataset_preparation.py for tasks to queue
[2024-06-21T18:58:18.390+0000] {logging_mixin.py:188} INFO - [2024-06-21T18:58:18.389+0000] {dagbag.py:538} INFO - Filling up the DagBag from /opt/airflow/dags/ml_dataset_preparation.py
[2024-06-21T18:58:18.569+0000] {processor.py:840} INFO - DAG(s) 's3_to_ml_to_AmazoneRedshiftServerless' retrieved from /opt/airflow/dags/ml_dataset_preparation.py
[2024-06-21T18:58:18.578+0000] {logging_mixin.py:188} INFO - [2024-06-21T18:58:18.577+0000] {dag.py:3036} INFO - Sync 1 DAGs
[2024-06-21T18:58:18.585+0000] {logging_mixin.py:188} INFO - [2024-06-21T18:58:18.585+0000] {dag.py:3823} INFO - Setting next_dagrun for s3_to_ml_to_AmazoneRedshiftServerless to 2024-06-21 00:00:00+00:00, run_after=2024-06-22 00:00:00+00:00
[2024-06-21T18:58:18.592+0000] {processor.py:183} INFO - Processing /opt/airflow/dags/ml_dataset_preparation.py took 0.209 seconds
[2024-06-21T18:58:48.731+0000] {processor.py:161} INFO - Started process (PID=746) to work on /opt/airflow/dags/ml_dataset_preparation.py
[2024-06-21T18:58:48.732+0000] {processor.py:830} INFO - Processing file /opt/airflow/dags/ml_dataset_preparation.py for tasks to queue
[2024-06-21T18:58:48.734+0000] {logging_mixin.py:188} INFO - [2024-06-21T18:58:48.734+0000] {dagbag.py:538} INFO - Filling up the DagBag from /opt/airflow/dags/ml_dataset_preparation.py
[2024-06-21T18:58:48.924+0000] {processor.py:840} INFO - DAG(s) 's3_to_ml_to_AmazoneRedshiftServerless' retrieved from /opt/airflow/dags/ml_dataset_preparation.py
[2024-06-21T18:58:48.932+0000] {logging_mixin.py:188} INFO - [2024-06-21T18:58:48.932+0000] {dag.py:3036} INFO - Sync 1 DAGs
[2024-06-21T18:58:48.941+0000] {logging_mixin.py:188} INFO - [2024-06-21T18:58:48.941+0000] {dag.py:3823} INFO - Setting next_dagrun for s3_to_ml_to_AmazoneRedshiftServerless to 2024-06-21 00:00:00+00:00, run_after=2024-06-22 00:00:00+00:00
[2024-06-21T18:58:48.947+0000] {processor.py:183} INFO - Processing /opt/airflow/dags/ml_dataset_preparation.py took 0.222 seconds
[2024-06-21T18:59:19.118+0000] {processor.py:161} INFO - Started process (PID=772) to work on /opt/airflow/dags/ml_dataset_preparation.py
[2024-06-21T18:59:19.119+0000] {processor.py:830} INFO - Processing file /opt/airflow/dags/ml_dataset_preparation.py for tasks to queue
[2024-06-21T18:59:19.122+0000] {logging_mixin.py:188} INFO - [2024-06-21T18:59:19.121+0000] {dagbag.py:538} INFO - Filling up the DagBag from /opt/airflow/dags/ml_dataset_preparation.py
[2024-06-21T18:59:19.317+0000] {processor.py:840} INFO - DAG(s) 's3_to_ml_to_AmazoneRedshiftServerless' retrieved from /opt/airflow/dags/ml_dataset_preparation.py
[2024-06-21T18:59:19.325+0000] {logging_mixin.py:188} INFO - [2024-06-21T18:59:19.325+0000] {dag.py:3036} INFO - Sync 1 DAGs
[2024-06-21T18:59:19.333+0000] {logging_mixin.py:188} INFO - [2024-06-21T18:59:19.333+0000] {dag.py:3823} INFO - Setting next_dagrun for s3_to_ml_to_AmazoneRedshiftServerless to 2024-06-21 00:00:00+00:00, run_after=2024-06-22 00:00:00+00:00
[2024-06-21T18:59:19.339+0000] {processor.py:183} INFO - Processing /opt/airflow/dags/ml_dataset_preparation.py took 0.226 seconds
[2024-06-21T18:59:49.454+0000] {processor.py:161} INFO - Started process (PID=798) to work on /opt/airflow/dags/ml_dataset_preparation.py
[2024-06-21T18:59:49.455+0000] {processor.py:830} INFO - Processing file /opt/airflow/dags/ml_dataset_preparation.py for tasks to queue
[2024-06-21T18:59:49.457+0000] {logging_mixin.py:188} INFO - [2024-06-21T18:59:49.457+0000] {dagbag.py:538} INFO - Filling up the DagBag from /opt/airflow/dags/ml_dataset_preparation.py
[2024-06-21T18:59:49.659+0000] {processor.py:840} INFO - DAG(s) 's3_to_ml_to_AmazoneRedshiftServerless' retrieved from /opt/airflow/dags/ml_dataset_preparation.py
[2024-06-21T18:59:49.667+0000] {logging_mixin.py:188} INFO - [2024-06-21T18:59:49.667+0000] {dag.py:3036} INFO - Sync 1 DAGs
[2024-06-21T18:59:49.675+0000] {logging_mixin.py:188} INFO - [2024-06-21T18:59:49.675+0000] {dag.py:3823} INFO - Setting next_dagrun for s3_to_ml_to_AmazoneRedshiftServerless to 2024-06-21 00:00:00+00:00, run_after=2024-06-22 00:00:00+00:00
[2024-06-21T18:59:49.682+0000] {processor.py:183} INFO - Processing /opt/airflow/dags/ml_dataset_preparation.py took 0.233 seconds
[2024-06-21T19:00:19.850+0000] {processor.py:161} INFO - Started process (PID=816) to work on /opt/airflow/dags/ml_dataset_preparation.py
[2024-06-21T19:00:19.851+0000] {processor.py:830} INFO - Processing file /opt/airflow/dags/ml_dataset_preparation.py for tasks to queue
[2024-06-21T19:00:19.853+0000] {logging_mixin.py:188} INFO - [2024-06-21T19:00:19.853+0000] {dagbag.py:538} INFO - Filling up the DagBag from /opt/airflow/dags/ml_dataset_preparation.py
[2024-06-21T19:00:20.036+0000] {processor.py:840} INFO - DAG(s) 's3_to_ml_to_AmazoneRedshiftServerless' retrieved from /opt/airflow/dags/ml_dataset_preparation.py
[2024-06-21T19:00:20.045+0000] {logging_mixin.py:188} INFO - [2024-06-21T19:00:20.044+0000] {dag.py:3036} INFO - Sync 1 DAGs
[2024-06-21T19:00:20.053+0000] {logging_mixin.py:188} INFO - [2024-06-21T19:00:20.053+0000] {dag.py:3823} INFO - Setting next_dagrun for s3_to_ml_to_AmazoneRedshiftServerless to 2024-06-21 00:00:00+00:00, run_after=2024-06-22 00:00:00+00:00
[2024-06-21T19:00:20.060+0000] {processor.py:183} INFO - Processing /opt/airflow/dags/ml_dataset_preparation.py took 0.214 seconds
[2024-06-21T19:00:50.224+0000] {processor.py:161} INFO - Started process (PID=841) to work on /opt/airflow/dags/ml_dataset_preparation.py
[2024-06-21T19:00:50.226+0000] {processor.py:830} INFO - Processing file /opt/airflow/dags/ml_dataset_preparation.py for tasks to queue
[2024-06-21T19:00:50.228+0000] {logging_mixin.py:188} INFO - [2024-06-21T19:00:50.227+0000] {dagbag.py:538} INFO - Filling up the DagBag from /opt/airflow/dags/ml_dataset_preparation.py
[2024-06-21T19:00:50.410+0000] {processor.py:840} INFO - DAG(s) 's3_to_ml_to_AmazoneRedshiftServerless' retrieved from /opt/airflow/dags/ml_dataset_preparation.py
[2024-06-21T19:00:50.417+0000] {logging_mixin.py:188} INFO - [2024-06-21T19:00:50.417+0000] {dag.py:3036} INFO - Sync 1 DAGs
[2024-06-21T19:00:50.425+0000] {logging_mixin.py:188} INFO - [2024-06-21T19:00:50.425+0000] {dag.py:3823} INFO - Setting next_dagrun for s3_to_ml_to_AmazoneRedshiftServerless to 2024-06-21 00:00:00+00:00, run_after=2024-06-22 00:00:00+00:00
[2024-06-21T19:00:50.431+0000] {processor.py:183} INFO - Processing /opt/airflow/dags/ml_dataset_preparation.py took 0.211 seconds
[2024-06-21T19:01:20.548+0000] {processor.py:161} INFO - Started process (PID=867) to work on /opt/airflow/dags/ml_dataset_preparation.py
[2024-06-21T19:01:20.550+0000] {processor.py:830} INFO - Processing file /opt/airflow/dags/ml_dataset_preparation.py for tasks to queue
[2024-06-21T19:01:20.552+0000] {logging_mixin.py:188} INFO - [2024-06-21T19:01:20.551+0000] {dagbag.py:538} INFO - Filling up the DagBag from /opt/airflow/dags/ml_dataset_preparation.py
[2024-06-21T19:01:20.736+0000] {processor.py:840} INFO - DAG(s) 's3_to_ml_to_AmazoneRedshiftServerless' retrieved from /opt/airflow/dags/ml_dataset_preparation.py
[2024-06-21T19:01:20.745+0000] {logging_mixin.py:188} INFO - [2024-06-21T19:01:20.744+0000] {dag.py:3036} INFO - Sync 1 DAGs
[2024-06-21T19:01:20.754+0000] {logging_mixin.py:188} INFO - [2024-06-21T19:01:20.754+0000] {dag.py:3823} INFO - Setting next_dagrun for s3_to_ml_to_AmazoneRedshiftServerless to 2024-06-21 00:00:00+00:00, run_after=2024-06-22 00:00:00+00:00
[2024-06-21T19:01:20.760+0000] {processor.py:183} INFO - Processing /opt/airflow/dags/ml_dataset_preparation.py took 0.217 seconds
[2024-06-21T19:01:50.888+0000] {processor.py:161} INFO - Started process (PID=893) to work on /opt/airflow/dags/ml_dataset_preparation.py
[2024-06-21T19:01:50.889+0000] {processor.py:830} INFO - Processing file /opt/airflow/dags/ml_dataset_preparation.py for tasks to queue
[2024-06-21T19:01:50.891+0000] {logging_mixin.py:188} INFO - [2024-06-21T19:01:50.890+0000] {dagbag.py:538} INFO - Filling up the DagBag from /opt/airflow/dags/ml_dataset_preparation.py
[2024-06-21T19:01:51.069+0000] {processor.py:840} INFO - DAG(s) 's3_to_ml_to_AmazoneRedshiftServerless' retrieved from /opt/airflow/dags/ml_dataset_preparation.py
[2024-06-21T19:01:51.078+0000] {logging_mixin.py:188} INFO - [2024-06-21T19:01:51.078+0000] {dag.py:3036} INFO - Sync 1 DAGs
[2024-06-21T19:01:51.086+0000] {logging_mixin.py:188} INFO - [2024-06-21T19:01:51.086+0000] {dag.py:3823} INFO - Setting next_dagrun for s3_to_ml_to_AmazoneRedshiftServerless to 2024-06-21 00:00:00+00:00, run_after=2024-06-22 00:00:00+00:00
[2024-06-21T19:01:51.092+0000] {processor.py:183} INFO - Processing /opt/airflow/dags/ml_dataset_preparation.py took 0.206 seconds
[2024-06-21T19:02:21.236+0000] {processor.py:161} INFO - Started process (PID=910) to work on /opt/airflow/dags/ml_dataset_preparation.py
[2024-06-21T19:02:21.237+0000] {processor.py:830} INFO - Processing file /opt/airflow/dags/ml_dataset_preparation.py for tasks to queue
[2024-06-21T19:02:21.239+0000] {logging_mixin.py:188} INFO - [2024-06-21T19:02:21.239+0000] {dagbag.py:538} INFO - Filling up the DagBag from /opt/airflow/dags/ml_dataset_preparation.py
[2024-06-21T19:02:21.421+0000] {processor.py:840} INFO - DAG(s) 's3_to_ml_to_AmazoneRedshiftServerless' retrieved from /opt/airflow/dags/ml_dataset_preparation.py
[2024-06-21T19:02:21.429+0000] {logging_mixin.py:188} INFO - [2024-06-21T19:02:21.429+0000] {dag.py:3036} INFO - Sync 1 DAGs
[2024-06-21T19:02:21.436+0000] {logging_mixin.py:188} INFO - [2024-06-21T19:02:21.436+0000] {dag.py:3823} INFO - Setting next_dagrun for s3_to_ml_to_AmazoneRedshiftServerless to 2024-06-21 00:00:00+00:00, run_after=2024-06-22 00:00:00+00:00
[2024-06-21T19:02:21.442+0000] {processor.py:183} INFO - Processing /opt/airflow/dags/ml_dataset_preparation.py took 0.210 seconds
[2024-06-21T19:02:51.590+0000] {processor.py:161} INFO - Started process (PID=936) to work on /opt/airflow/dags/ml_dataset_preparation.py
[2024-06-21T19:02:51.591+0000] {processor.py:830} INFO - Processing file /opt/airflow/dags/ml_dataset_preparation.py for tasks to queue
[2024-06-21T19:02:51.593+0000] {logging_mixin.py:188} INFO - [2024-06-21T19:02:51.593+0000] {dagbag.py:538} INFO - Filling up the DagBag from /opt/airflow/dags/ml_dataset_preparation.py
[2024-06-21T19:02:51.792+0000] {processor.py:840} INFO - DAG(s) 's3_to_ml_to_AmazoneRedshiftServerless' retrieved from /opt/airflow/dags/ml_dataset_preparation.py
[2024-06-21T19:02:51.800+0000] {logging_mixin.py:188} INFO - [2024-06-21T19:02:51.800+0000] {dag.py:3036} INFO - Sync 1 DAGs
[2024-06-21T19:02:51.808+0000] {logging_mixin.py:188} INFO - [2024-06-21T19:02:51.808+0000] {dag.py:3823} INFO - Setting next_dagrun for s3_to_ml_to_AmazoneRedshiftServerless to 2024-06-21 00:00:00+00:00, run_after=2024-06-22 00:00:00+00:00
[2024-06-21T19:02:51.815+0000] {processor.py:183} INFO - Processing /opt/airflow/dags/ml_dataset_preparation.py took 0.229 seconds
[2024-06-21T19:03:21.933+0000] {processor.py:161} INFO - Started process (PID=962) to work on /opt/airflow/dags/ml_dataset_preparation.py
[2024-06-21T19:03:21.934+0000] {processor.py:830} INFO - Processing file /opt/airflow/dags/ml_dataset_preparation.py for tasks to queue
[2024-06-21T19:03:21.935+0000] {logging_mixin.py:188} INFO - [2024-06-21T19:03:21.935+0000] {dagbag.py:538} INFO - Filling up the DagBag from /opt/airflow/dags/ml_dataset_preparation.py
[2024-06-21T19:03:22.123+0000] {processor.py:840} INFO - DAG(s) 's3_to_ml_to_AmazoneRedshiftServerless' retrieved from /opt/airflow/dags/ml_dataset_preparation.py
[2024-06-21T19:03:22.131+0000] {logging_mixin.py:188} INFO - [2024-06-21T19:03:22.131+0000] {dag.py:3036} INFO - Sync 1 DAGs
[2024-06-21T19:03:22.139+0000] {logging_mixin.py:188} INFO - [2024-06-21T19:03:22.139+0000] {dag.py:3823} INFO - Setting next_dagrun for s3_to_ml_to_AmazoneRedshiftServerless to 2024-06-21 00:00:00+00:00, run_after=2024-06-22 00:00:00+00:00
[2024-06-21T19:03:22.146+0000] {processor.py:183} INFO - Processing /opt/airflow/dags/ml_dataset_preparation.py took 0.215 seconds
[2024-06-21T19:03:52.308+0000] {processor.py:161} INFO - Started process (PID=988) to work on /opt/airflow/dags/ml_dataset_preparation.py
[2024-06-21T19:03:52.308+0000] {processor.py:830} INFO - Processing file /opt/airflow/dags/ml_dataset_preparation.py for tasks to queue
[2024-06-21T19:03:52.309+0000] {logging_mixin.py:188} INFO - [2024-06-21T19:03:52.309+0000] {dagbag.py:538} INFO - Filling up the DagBag from /opt/airflow/dags/ml_dataset_preparation.py
[2024-06-21T19:03:52.515+0000] {processor.py:840} INFO - DAG(s) 's3_to_ml_to_AmazoneRedshiftServerless' retrieved from /opt/airflow/dags/ml_dataset_preparation.py
[2024-06-21T19:03:52.526+0000] {logging_mixin.py:188} INFO - [2024-06-21T19:03:52.525+0000] {dag.py:3036} INFO - Sync 1 DAGs
[2024-06-21T19:03:52.536+0000] {logging_mixin.py:188} INFO - [2024-06-21T19:03:52.536+0000] {dag.py:3823} INFO - Setting next_dagrun for s3_to_ml_to_AmazoneRedshiftServerless to 2024-06-21 00:00:00+00:00, run_after=2024-06-22 00:00:00+00:00
[2024-06-21T19:03:52.544+0000] {processor.py:183} INFO - Processing /opt/airflow/dags/ml_dataset_preparation.py took 0.238 seconds
[2024-06-21T19:04:22.593+0000] {processor.py:161} INFO - Started process (PID=1006) to work on /opt/airflow/dags/ml_dataset_preparation.py
[2024-06-21T19:04:22.594+0000] {processor.py:830} INFO - Processing file /opt/airflow/dags/ml_dataset_preparation.py for tasks to queue
[2024-06-21T19:04:22.596+0000] {logging_mixin.py:188} INFO - [2024-06-21T19:04:22.596+0000] {dagbag.py:538} INFO - Filling up the DagBag from /opt/airflow/dags/ml_dataset_preparation.py
[2024-06-21T19:04:22.784+0000] {processor.py:840} INFO - DAG(s) 's3_to_ml_to_AmazoneRedshiftServerless' retrieved from /opt/airflow/dags/ml_dataset_preparation.py
[2024-06-21T19:04:22.793+0000] {logging_mixin.py:188} INFO - [2024-06-21T19:04:22.792+0000] {dag.py:3036} INFO - Sync 1 DAGs
[2024-06-21T19:04:22.800+0000] {logging_mixin.py:188} INFO - [2024-06-21T19:04:22.800+0000] {dag.py:3823} INFO - Setting next_dagrun for s3_to_ml_to_AmazoneRedshiftServerless to 2024-06-21 00:00:00+00:00, run_after=2024-06-22 00:00:00+00:00
[2024-06-21T19:04:22.806+0000] {processor.py:183} INFO - Processing /opt/airflow/dags/ml_dataset_preparation.py took 0.217 seconds
[2024-06-21T19:04:53.032+0000] {processor.py:161} INFO - Started process (PID=1032) to work on /opt/airflow/dags/ml_dataset_preparation.py
[2024-06-21T19:04:53.032+0000] {processor.py:830} INFO - Processing file /opt/airflow/dags/ml_dataset_preparation.py for tasks to queue
[2024-06-21T19:04:53.033+0000] {logging_mixin.py:188} INFO - [2024-06-21T19:04:53.033+0000] {dagbag.py:538} INFO - Filling up the DagBag from /opt/airflow/dags/ml_dataset_preparation.py
[2024-06-21T19:04:53.210+0000] {processor.py:840} INFO - DAG(s) 's3_to_ml_to_AmazoneRedshiftServerless' retrieved from /opt/airflow/dags/ml_dataset_preparation.py
[2024-06-21T19:04:53.218+0000] {logging_mixin.py:188} INFO - [2024-06-21T19:04:53.218+0000] {dag.py:3036} INFO - Sync 1 DAGs
[2024-06-21T19:04:53.227+0000] {logging_mixin.py:188} INFO - [2024-06-21T19:04:53.227+0000] {dag.py:3823} INFO - Setting next_dagrun for s3_to_ml_to_AmazoneRedshiftServerless to 2024-06-21 00:00:00+00:00, run_after=2024-06-22 00:00:00+00:00
[2024-06-21T19:04:53.234+0000] {processor.py:183} INFO - Processing /opt/airflow/dags/ml_dataset_preparation.py took 0.204 seconds
[2024-06-21T19:05:23.308+0000] {processor.py:161} INFO - Started process (PID=1056) to work on /opt/airflow/dags/ml_dataset_preparation.py
[2024-06-21T19:05:23.309+0000] {processor.py:830} INFO - Processing file /opt/airflow/dags/ml_dataset_preparation.py for tasks to queue
[2024-06-21T19:05:23.311+0000] {logging_mixin.py:188} INFO - [2024-06-21T19:05:23.311+0000] {dagbag.py:538} INFO - Filling up the DagBag from /opt/airflow/dags/ml_dataset_preparation.py
[2024-06-21T19:05:23.495+0000] {processor.py:840} INFO - DAG(s) 's3_to_ml_to_AmazoneRedshiftServerless' retrieved from /opt/airflow/dags/ml_dataset_preparation.py
[2024-06-21T19:05:23.503+0000] {logging_mixin.py:188} INFO - [2024-06-21T19:05:23.503+0000] {dag.py:3036} INFO - Sync 1 DAGs
[2024-06-21T19:05:23.511+0000] {logging_mixin.py:188} INFO - [2024-06-21T19:05:23.511+0000] {dag.py:3823} INFO - Setting next_dagrun for s3_to_ml_to_AmazoneRedshiftServerless to 2024-06-21 00:00:00+00:00, run_after=2024-06-22 00:00:00+00:00
[2024-06-21T19:05:23.517+0000] {processor.py:183} INFO - Processing /opt/airflow/dags/ml_dataset_preparation.py took 0.214 seconds
[2024-06-21T19:05:53.753+0000] {processor.py:161} INFO - Started process (PID=1082) to work on /opt/airflow/dags/ml_dataset_preparation.py
[2024-06-21T19:05:53.754+0000] {processor.py:830} INFO - Processing file /opt/airflow/dags/ml_dataset_preparation.py for tasks to queue
[2024-06-21T19:05:53.755+0000] {logging_mixin.py:188} INFO - [2024-06-21T19:05:53.755+0000] {dagbag.py:538} INFO - Filling up the DagBag from /opt/airflow/dags/ml_dataset_preparation.py
[2024-06-21T19:05:53.939+0000] {processor.py:840} INFO - DAG(s) 's3_to_ml_to_AmazoneRedshiftServerless' retrieved from /opt/airflow/dags/ml_dataset_preparation.py
[2024-06-21T19:05:53.950+0000] {logging_mixin.py:188} INFO - [2024-06-21T19:05:53.950+0000] {dag.py:3036} INFO - Sync 1 DAGs
[2024-06-21T19:05:53.961+0000] {logging_mixin.py:188} INFO - [2024-06-21T19:05:53.960+0000] {dag.py:3823} INFO - Setting next_dagrun for s3_to_ml_to_AmazoneRedshiftServerless to 2024-06-21 00:00:00+00:00, run_after=2024-06-22 00:00:00+00:00
[2024-06-21T19:05:53.969+0000] {processor.py:183} INFO - Processing /opt/airflow/dags/ml_dataset_preparation.py took 0.218 seconds
[2024-06-21T19:06:24.027+0000] {processor.py:161} INFO - Started process (PID=1100) to work on /opt/airflow/dags/ml_dataset_preparation.py
[2024-06-21T19:06:24.028+0000] {processor.py:830} INFO - Processing file /opt/airflow/dags/ml_dataset_preparation.py for tasks to queue
[2024-06-21T19:06:24.031+0000] {logging_mixin.py:188} INFO - [2024-06-21T19:06:24.030+0000] {dagbag.py:538} INFO - Filling up the DagBag from /opt/airflow/dags/ml_dataset_preparation.py
[2024-06-21T19:06:24.220+0000] {processor.py:840} INFO - DAG(s) 's3_to_ml_to_AmazoneRedshiftServerless' retrieved from /opt/airflow/dags/ml_dataset_preparation.py
[2024-06-21T19:06:24.228+0000] {logging_mixin.py:188} INFO - [2024-06-21T19:06:24.228+0000] {dag.py:3036} INFO - Sync 1 DAGs
[2024-06-21T19:06:24.236+0000] {logging_mixin.py:188} INFO - [2024-06-21T19:06:24.236+0000] {dag.py:3823} INFO - Setting next_dagrun for s3_to_ml_to_AmazoneRedshiftServerless to 2024-06-21 00:00:00+00:00, run_after=2024-06-22 00:00:00+00:00
[2024-06-21T19:06:24.243+0000] {processor.py:183} INFO - Processing /opt/airflow/dags/ml_dataset_preparation.py took 0.221 seconds
[2024-06-21T19:06:54.434+0000] {processor.py:161} INFO - Started process (PID=1126) to work on /opt/airflow/dags/ml_dataset_preparation.py
[2024-06-21T19:06:54.435+0000] {processor.py:830} INFO - Processing file /opt/airflow/dags/ml_dataset_preparation.py for tasks to queue
[2024-06-21T19:06:54.437+0000] {logging_mixin.py:188} INFO - [2024-06-21T19:06:54.437+0000] {dagbag.py:538} INFO - Filling up the DagBag from /opt/airflow/dags/ml_dataset_preparation.py
[2024-06-21T19:06:54.648+0000] {processor.py:840} INFO - DAG(s) 's3_to_ml_to_AmazoneRedshiftServerless' retrieved from /opt/airflow/dags/ml_dataset_preparation.py
[2024-06-21T19:06:54.656+0000] {logging_mixin.py:188} INFO - [2024-06-21T19:06:54.656+0000] {dag.py:3036} INFO - Sync 1 DAGs
[2024-06-21T19:06:54.665+0000] {logging_mixin.py:188} INFO - [2024-06-21T19:06:54.665+0000] {dag.py:3823} INFO - Setting next_dagrun for s3_to_ml_to_AmazoneRedshiftServerless to 2024-06-21 00:00:00+00:00, run_after=2024-06-22 00:00:00+00:00
[2024-06-21T19:06:54.671+0000] {processor.py:183} INFO - Processing /opt/airflow/dags/ml_dataset_preparation.py took 0.240 seconds
[2024-06-21T19:07:24.707+0000] {processor.py:161} INFO - Started process (PID=1151) to work on /opt/airflow/dags/ml_dataset_preparation.py
[2024-06-21T19:07:24.709+0000] {processor.py:830} INFO - Processing file /opt/airflow/dags/ml_dataset_preparation.py for tasks to queue
[2024-06-21T19:07:24.712+0000] {logging_mixin.py:188} INFO - [2024-06-21T19:07:24.712+0000] {dagbag.py:538} INFO - Filling up the DagBag from /opt/airflow/dags/ml_dataset_preparation.py
[2024-06-21T19:07:24.915+0000] {processor.py:840} INFO - DAG(s) 's3_to_ml_to_AmazoneRedshiftServerless' retrieved from /opt/airflow/dags/ml_dataset_preparation.py
[2024-06-21T19:07:24.923+0000] {logging_mixin.py:188} INFO - [2024-06-21T19:07:24.922+0000] {dag.py:3036} INFO - Sync 1 DAGs
[2024-06-21T19:07:24.931+0000] {logging_mixin.py:188} INFO - [2024-06-21T19:07:24.931+0000] {dag.py:3823} INFO - Setting next_dagrun for s3_to_ml_to_AmazoneRedshiftServerless to 2024-06-21 00:00:00+00:00, run_after=2024-06-22 00:00:00+00:00
[2024-06-21T19:07:24.937+0000] {processor.py:183} INFO - Processing /opt/airflow/dags/ml_dataset_preparation.py took 0.234 seconds
[2024-06-21T19:07:55.204+0000] {processor.py:161} INFO - Started process (PID=1169) to work on /opt/airflow/dags/ml_dataset_preparation.py
[2024-06-21T19:07:55.206+0000] {processor.py:830} INFO - Processing file /opt/airflow/dags/ml_dataset_preparation.py for tasks to queue
[2024-06-21T19:07:55.207+0000] {logging_mixin.py:188} INFO - [2024-06-21T19:07:55.207+0000] {dagbag.py:538} INFO - Filling up the DagBag from /opt/airflow/dags/ml_dataset_preparation.py
[2024-06-21T19:07:55.400+0000] {processor.py:840} INFO - DAG(s) 's3_to_ml_to_AmazoneRedshiftServerless' retrieved from /opt/airflow/dags/ml_dataset_preparation.py
[2024-06-21T19:07:55.410+0000] {logging_mixin.py:188} INFO - [2024-06-21T19:07:55.409+0000] {dag.py:3036} INFO - Sync 1 DAGs
[2024-06-21T19:07:55.418+0000] {logging_mixin.py:188} INFO - [2024-06-21T19:07:55.418+0000] {dag.py:3823} INFO - Setting next_dagrun for s3_to_ml_to_AmazoneRedshiftServerless to 2024-06-21 00:00:00+00:00, run_after=2024-06-22 00:00:00+00:00
[2024-06-21T19:07:55.425+0000] {processor.py:183} INFO - Processing /opt/airflow/dags/ml_dataset_preparation.py took 0.225 seconds
[2024-06-21T19:08:25.508+0000] {processor.py:161} INFO - Started process (PID=1195) to work on /opt/airflow/dags/ml_dataset_preparation.py
[2024-06-21T19:08:25.509+0000] {processor.py:830} INFO - Processing file /opt/airflow/dags/ml_dataset_preparation.py for tasks to queue
[2024-06-21T19:08:25.511+0000] {logging_mixin.py:188} INFO - [2024-06-21T19:08:25.511+0000] {dagbag.py:538} INFO - Filling up the DagBag from /opt/airflow/dags/ml_dataset_preparation.py
[2024-06-21T19:08:25.700+0000] {processor.py:840} INFO - DAG(s) 's3_to_ml_to_AmazoneRedshiftServerless' retrieved from /opt/airflow/dags/ml_dataset_preparation.py
[2024-06-21T19:08:25.712+0000] {logging_mixin.py:188} INFO - [2024-06-21T19:08:25.712+0000] {dag.py:3036} INFO - Sync 1 DAGs
[2024-06-21T19:08:25.721+0000] {logging_mixin.py:188} INFO - [2024-06-21T19:08:25.721+0000] {dag.py:3823} INFO - Setting next_dagrun for s3_to_ml_to_AmazoneRedshiftServerless to 2024-06-21 00:00:00+00:00, run_after=2024-06-22 00:00:00+00:00
[2024-06-21T19:08:25.728+0000] {processor.py:183} INFO - Processing /opt/airflow/dags/ml_dataset_preparation.py took 0.225 seconds
[2024-06-21T19:08:55.982+0000] {processor.py:161} INFO - Started process (PID=1220) to work on /opt/airflow/dags/ml_dataset_preparation.py
[2024-06-21T19:08:55.983+0000] {processor.py:830} INFO - Processing file /opt/airflow/dags/ml_dataset_preparation.py for tasks to queue
[2024-06-21T19:08:55.985+0000] {logging_mixin.py:188} INFO - [2024-06-21T19:08:55.985+0000] {dagbag.py:538} INFO - Filling up the DagBag from /opt/airflow/dags/ml_dataset_preparation.py
[2024-06-21T19:08:56.168+0000] {processor.py:840} INFO - DAG(s) 's3_to_ml_to_AmazoneRedshiftServerless' retrieved from /opt/airflow/dags/ml_dataset_preparation.py
[2024-06-21T19:08:56.176+0000] {logging_mixin.py:188} INFO - [2024-06-21T19:08:56.176+0000] {dag.py:3036} INFO - Sync 1 DAGs
[2024-06-21T19:08:56.184+0000] {logging_mixin.py:188} INFO - [2024-06-21T19:08:56.183+0000] {dag.py:3823} INFO - Setting next_dagrun for s3_to_ml_to_AmazoneRedshiftServerless to 2024-06-21 00:00:00+00:00, run_after=2024-06-22 00:00:00+00:00
[2024-06-21T19:08:56.189+0000] {processor.py:183} INFO - Processing /opt/airflow/dags/ml_dataset_preparation.py took 0.211 seconds
