[2024-06-16T15:59:32.236+0000] {taskinstance.py:1956} INFO - Dependencies all met for dep_context=non-requeueable deps ti=<TaskInstance: s3_to_ml_to_postgres.setup_create_table manual__2024-06-16T15:56:30.644629+00:00 [queued]>
[2024-06-16T15:59:32.240+0000] {taskinstance.py:1956} INFO - Dependencies all met for dep_context=requeueable deps ti=<TaskInstance: s3_to_ml_to_postgres.setup_create_table manual__2024-06-16T15:56:30.644629+00:00 [queued]>
[2024-06-16T15:59:32.240+0000] {taskinstance.py:2170} INFO - Starting attempt 1 of 1
[2024-06-16T15:59:32.245+0000] {taskinstance.py:2191} INFO - Executing <Task(RedshiftDataOperator): setup_create_table> on 2024-06-16 15:56:30.644629+00:00
[2024-06-16T15:59:32.247+0000] {standard_task_runner.py:60} INFO - Started process 24543 to run task
[2024-06-16T15:59:32.249+0000] {standard_task_runner.py:87} INFO - Running: ['***', 'tasks', 'run', 's3_to_ml_to_postgres', 'setup_create_table', 'manual__2024-06-16T15:56:30.644629+00:00', '--job-id', '68', '--raw', '--subdir', 'DAGS_FOLDER/ml_dataset_preparation.py', '--cfg-path', '/tmp/tmpaysb_z03']
[2024-06-16T15:59:32.251+0000] {standard_task_runner.py:88} INFO - Job 68: Subtask setup_create_table
[2024-06-16T15:59:32.269+0000] {task_command.py:423} INFO - Running <TaskInstance: s3_to_ml_to_postgres.setup_create_table manual__2024-06-16T15:56:30.644629+00:00 [running]> on host 22dc78ccc862
[2024-06-16T15:59:32.301+0000] {taskinstance.py:2480} INFO - Exporting env vars: AIRFLOW_CTX_DAG_OWNER='***' AIRFLOW_CTX_DAG_ID='s3_to_ml_to_postgres' AIRFLOW_CTX_TASK_ID='setup_create_table' AIRFLOW_CTX_EXECUTION_DATE='2024-06-16T15:56:30.644629+00:00' AIRFLOW_CTX_TRY_NUMBER='1' AIRFLOW_CTX_DAG_RUN_ID='manual__2024-06-16T15:56:30.644629+00:00'
[2024-06-16T15:59:32.301+0000] {redshift_data.py:122} INFO - Executing statement: 
DROP TABLE IF EXISTS transformed_data;
CREATE TABLE transformed_data(
                stationcode bigint,
                name varchar(255),
                is_installed boolean,
                capacity int,
                numdocksavailable int,
                numbikesavailable int,
                mechanical int,
                ebike int,
                is_renting boolean,
                is_returning boolean,
                nom_arrondissement_communes varchar(255),
                code_insee_commune varchar(255),
                longitude double precision, 
                latitude double precision, 
                date timestamp, 
                year int, 
                month int, 
                day int, 
                time time
                );
    
[2024-06-16T15:59:32.305+0000] {base.py:83} INFO - Using connection ID 'aws_default' for task execution.
[2024-06-16T15:59:32.305+0000] {connection_wrapper.py:378} INFO - AWS Connection (conn_id='aws_default', conn_type='aws') credentials retrieved from login and password.
[2024-06-16T15:59:35.039+0000] {redshift_data.py:113} INFO - Polling statement 014f139f-589f-4c22-841d-f96362bc7188
[2024-06-16T15:59:35.116+0000] {redshift_data.py:129} INFO - Query STARTED
[2024-06-16T15:59:45.132+0000] {redshift_data.py:113} INFO - Polling statement 014f139f-589f-4c22-841d-f96362bc7188
[2024-06-16T15:59:45.271+0000] {redshift_data.py:121} INFO - Processed 0 rows
[2024-06-16T15:59:45.283+0000] {taskinstance.py:1138} INFO - Marking task as SUCCESS. dag_id=s3_to_ml_to_postgres, task_id=setup_create_table, execution_date=20240616T155630, start_date=20240616T155932, end_date=20240616T155945
[2024-06-16T15:59:45.296+0000] {local_task_job_runner.py:234} INFO - Task exited with return code 0
[2024-06-16T15:59:45.307+0000] {taskinstance.py:3280} INFO - 1 downstream tasks scheduled from follow-on schedule check
