[2024-06-14 18:56:00,107] {taskinstance.py:1159} INFO - Dependencies all met for <TaskInstance: s3_to_ml_to_postgres.extract_data_from_s3 manual__2024-06-14T18:55:59.657182+00:00 [queued]>
[2024-06-14 18:56:00,111] {taskinstance.py:1159} INFO - Dependencies all met for <TaskInstance: s3_to_ml_to_postgres.extract_data_from_s3 manual__2024-06-14T18:55:59.657182+00:00 [queued]>
[2024-06-14 18:56:00,111] {taskinstance.py:1356} INFO - 
--------------------------------------------------------------------------------
[2024-06-14 18:56:00,111] {taskinstance.py:1357} INFO - Starting attempt 1 of 2
[2024-06-14 18:56:00,111] {taskinstance.py:1358} INFO - 
--------------------------------------------------------------------------------
[2024-06-14 18:56:00,117] {taskinstance.py:1377} INFO - Executing <Task(PythonOperator): extract_data_from_s3> on 2024-06-14 18:55:59.657182+00:00
[2024-06-14 18:56:00,119] {standard_task_runner.py:52} INFO - Started process 28376 to run task
[2024-06-14 18:56:00,121] {standard_task_runner.py:79} INFO - Running: ['***', 'tasks', 'run', 's3_to_ml_to_postgres', 'extract_data_from_s3', 'manual__2024-06-14T18:55:59.657182+00:00', '--job-id', '30', '--raw', '--subdir', 'DAGS_FOLDER/ml_dataset_preparation.py', '--cfg-path', '/tmp/tmpvd6vf4nz', '--error-file', '/tmp/tmpx_3zm9ow']
[2024-06-14 18:56:00,121] {standard_task_runner.py:80} INFO - Job 30: Subtask extract_data_from_s3
[2024-06-14 18:56:00,141] {task_command.py:370} INFO - Running <TaskInstance: s3_to_ml_to_postgres.extract_data_from_s3 manual__2024-06-14T18:55:59.657182+00:00 [running]> on host 92769061d4a4
[2024-06-14 18:56:00,166] {taskinstance.py:1571} INFO - Exporting the following env vars:
AIRFLOW_CTX_DAG_OWNER=***
AIRFLOW_CTX_DAG_ID=s3_to_ml_to_postgres
AIRFLOW_CTX_TASK_ID=extract_data_from_s3
AIRFLOW_CTX_EXECUTION_DATE=2024-06-14T18:55:59.657182+00:00
AIRFLOW_CTX_TRY_NUMBER=1
AIRFLOW_CTX_DAG_RUN_ID=manual__2024-06-14T18:55:59.657182+00:00
[2024-06-14 18:56:00,170] {base.py:68} INFO - Using connection ID 'aws_default' for task execution.
[2024-06-14 18:56:00,170] {base_aws.py:206} INFO - Credentials retrieved from login
[2024-06-14 18:56:00,551] {base.py:68} INFO - Using connection ID 'aws_default' for task execution.
[2024-06-14 18:56:00,551] {base_aws.py:206} INFO - Credentials retrieved from login
[2024-06-14 18:56:00,737] {base.py:68} INFO - Using connection ID 'aws_default' for task execution.
[2024-06-14 18:56:00,737] {base_aws.py:206} INFO - Credentials retrieved from login
[2024-06-14 18:56:00,904] {base.py:68} INFO - Using connection ID 'aws_default' for task execution.
[2024-06-14 18:56:00,904] {base_aws.py:206} INFO - Credentials retrieved from login
[2024-06-14 18:56:01,047] {base.py:68} INFO - Using connection ID 'aws_default' for task execution.
[2024-06-14 18:56:01,047] {base_aws.py:206} INFO - Credentials retrieved from login
[2024-06-14 18:56:01,242] {base.py:68} INFO - Using connection ID 'aws_default' for task execution.
[2024-06-14 18:56:01,242] {base_aws.py:206} INFO - Credentials retrieved from login
[2024-06-14 18:56:01,477] {base.py:68} INFO - Using connection ID 'aws_default' for task execution.
[2024-06-14 18:56:01,478] {base_aws.py:206} INFO - Credentials retrieved from login
[2024-06-14 18:56:01,639] {base.py:68} INFO - Using connection ID 'aws_default' for task execution.
[2024-06-14 18:56:01,639] {base_aws.py:206} INFO - Credentials retrieved from login
[2024-06-14 18:56:01,802] {base.py:68} INFO - Using connection ID 'aws_default' for task execution.
[2024-06-14 18:56:01,802] {base_aws.py:206} INFO - Credentials retrieved from login
[2024-06-14 18:56:01,977] {base.py:68} INFO - Using connection ID 'aws_default' for task execution.
[2024-06-14 18:56:01,977] {base_aws.py:206} INFO - Credentials retrieved from login
[2024-06-14 18:56:02,135] {base.py:68} INFO - Using connection ID 'aws_default' for task execution.
[2024-06-14 18:56:02,135] {base_aws.py:206} INFO - Credentials retrieved from login
[2024-06-14 18:56:02,395] {base.py:68} INFO - Using connection ID 'aws_default' for task execution.
[2024-06-14 18:56:02,395] {base_aws.py:206} INFO - Credentials retrieved from login
[2024-06-14 18:56:02,563] {base.py:68} INFO - Using connection ID 'aws_default' for task execution.
[2024-06-14 18:56:02,563] {base_aws.py:206} INFO - Credentials retrieved from login
[2024-06-14 18:56:02,738] {base.py:68} INFO - Using connection ID 'aws_default' for task execution.
[2024-06-14 18:56:02,739] {base_aws.py:206} INFO - Credentials retrieved from login
[2024-06-14 18:56:02,945] {base.py:68} INFO - Using connection ID 'aws_default' for task execution.
[2024-06-14 18:56:02,945] {base_aws.py:206} INFO - Credentials retrieved from login
[2024-06-14 18:56:03,117] {base.py:68} INFO - Using connection ID 'aws_default' for task execution.
[2024-06-14 18:56:03,118] {base_aws.py:206} INFO - Credentials retrieved from login
[2024-06-14 18:56:03,377] {base.py:68} INFO - Using connection ID 'aws_default' for task execution.
[2024-06-14 18:56:03,378] {base_aws.py:206} INFO - Credentials retrieved from login
[2024-06-14 18:56:03,526] {base.py:68} INFO - Using connection ID 'aws_default' for task execution.
[2024-06-14 18:56:03,526] {base_aws.py:206} INFO - Credentials retrieved from login
[2024-06-14 18:56:03,675] {base.py:68} INFO - Using connection ID 'aws_default' for task execution.
[2024-06-14 18:56:03,676] {base_aws.py:206} INFO - Credentials retrieved from login
[2024-06-14 18:56:03,850] {base.py:68} INFO - Using connection ID 'aws_default' for task execution.
[2024-06-14 18:56:03,850] {base_aws.py:206} INFO - Credentials retrieved from login
[2024-06-14 18:56:04,001] {base.py:68} INFO - Using connection ID 'aws_default' for task execution.
[2024-06-14 18:56:04,002] {base_aws.py:206} INFO - Credentials retrieved from login
[2024-06-14 18:56:04,240] {base.py:68} INFO - Using connection ID 'aws_default' for task execution.
[2024-06-14 18:56:04,240] {base_aws.py:206} INFO - Credentials retrieved from login
[2024-06-14 18:56:04,434] {base.py:68} INFO - Using connection ID 'aws_default' for task execution.
[2024-06-14 18:56:04,435] {base_aws.py:206} INFO - Credentials retrieved from login
[2024-06-14 18:56:04,626] {base.py:68} INFO - Using connection ID 'aws_default' for task execution.
[2024-06-14 18:56:04,628] {base_aws.py:206} INFO - Credentials retrieved from login
[2024-06-14 18:56:04,803] {base.py:68} INFO - Using connection ID 'aws_default' for task execution.
[2024-06-14 18:56:04,804] {base_aws.py:206} INFO - Credentials retrieved from login
[2024-06-14 18:56:04,955] {base.py:68} INFO - Using connection ID 'aws_default' for task execution.
[2024-06-14 18:56:04,955] {base_aws.py:206} INFO - Credentials retrieved from login
[2024-06-14 18:56:05,197] {base.py:68} INFO - Using connection ID 'aws_default' for task execution.
[2024-06-14 18:56:05,197] {base_aws.py:206} INFO - Credentials retrieved from login
[2024-06-14 18:56:05,348] {base.py:68} INFO - Using connection ID 'aws_default' for task execution.
[2024-06-14 18:56:05,348] {base_aws.py:206} INFO - Credentials retrieved from login
[2024-06-14 18:56:05,515] {base.py:68} INFO - Using connection ID 'aws_default' for task execution.
[2024-06-14 18:56:05,516] {base_aws.py:206} INFO - Credentials retrieved from login
[2024-06-14 18:56:05,671] {base.py:68} INFO - Using connection ID 'aws_default' for task execution.
[2024-06-14 18:56:05,671] {base_aws.py:206} INFO - Credentials retrieved from login
[2024-06-14 18:56:05,843] {base.py:68} INFO - Using connection ID 'aws_default' for task execution.
[2024-06-14 18:56:05,843] {base_aws.py:206} INFO - Credentials retrieved from login
[2024-06-14 18:56:06,117] {base.py:68} INFO - Using connection ID 'aws_default' for task execution.
[2024-06-14 18:56:06,117] {base_aws.py:206} INFO - Credentials retrieved from login
[2024-06-14 18:56:06,279] {base.py:68} INFO - Using connection ID 'aws_default' for task execution.
[2024-06-14 18:56:06,280] {base_aws.py:206} INFO - Credentials retrieved from login
[2024-06-14 18:56:06,432] {base.py:68} INFO - Using connection ID 'aws_default' for task execution.
[2024-06-14 18:56:06,432] {base_aws.py:206} INFO - Credentials retrieved from login
[2024-06-14 18:56:06,583] {base.py:68} INFO - Using connection ID 'aws_default' for task execution.
[2024-06-14 18:56:06,583] {base_aws.py:206} INFO - Credentials retrieved from login
[2024-06-14 18:56:06,751] {base.py:68} INFO - Using connection ID 'aws_default' for task execution.
[2024-06-14 18:56:06,751] {base_aws.py:206} INFO - Credentials retrieved from login
[2024-06-14 18:56:06,998] {base.py:68} INFO - Using connection ID 'aws_default' for task execution.
[2024-06-14 18:56:06,998] {base_aws.py:206} INFO - Credentials retrieved from login
[2024-06-14 18:56:07,155] {base.py:68} INFO - Using connection ID 'aws_default' for task execution.
[2024-06-14 18:56:07,155] {base_aws.py:206} INFO - Credentials retrieved from login
[2024-06-14 18:56:07,302] {base.py:68} INFO - Using connection ID 'aws_default' for task execution.
[2024-06-14 18:56:07,302] {base_aws.py:206} INFO - Credentials retrieved from login
[2024-06-14 18:56:07,447] {base.py:68} INFO - Using connection ID 'aws_default' for task execution.
[2024-06-14 18:56:07,447] {base_aws.py:206} INFO - Credentials retrieved from login
[2024-06-14 18:56:07,619] {base.py:68} INFO - Using connection ID 'aws_default' for task execution.
[2024-06-14 18:56:07,620] {base_aws.py:206} INFO - Credentials retrieved from login
[2024-06-14 18:56:07,858] {base.py:68} INFO - Using connection ID 'aws_default' for task execution.
[2024-06-14 18:56:07,858] {base_aws.py:206} INFO - Credentials retrieved from login
[2024-06-14 18:56:08,049] {base.py:68} INFO - Using connection ID 'aws_default' for task execution.
[2024-06-14 18:56:08,050] {base_aws.py:206} INFO - Credentials retrieved from login
[2024-06-14 18:56:08,202] {base.py:68} INFO - Using connection ID 'aws_default' for task execution.
[2024-06-14 18:56:08,202] {base_aws.py:206} INFO - Credentials retrieved from login
[2024-06-14 18:56:08,366] {base.py:68} INFO - Using connection ID 'aws_default' for task execution.
[2024-06-14 18:56:08,366] {base_aws.py:206} INFO - Credentials retrieved from login
[2024-06-14 18:56:08,543] {base.py:68} INFO - Using connection ID 'aws_default' for task execution.
[2024-06-14 18:56:08,543] {base_aws.py:206} INFO - Credentials retrieved from login
[2024-06-14 18:56:08,794] {base.py:68} INFO - Using connection ID 'aws_default' for task execution.
[2024-06-14 18:56:08,795] {base_aws.py:206} INFO - Credentials retrieved from login
[2024-06-14 18:56:08,935] {base.py:68} INFO - Using connection ID 'aws_default' for task execution.
[2024-06-14 18:56:08,935] {base_aws.py:206} INFO - Credentials retrieved from login
[2024-06-14 18:56:09,073] {base.py:68} INFO - Using connection ID 'aws_default' for task execution.
[2024-06-14 18:56:09,073] {base_aws.py:206} INFO - Credentials retrieved from login
[2024-06-14 18:56:09,230] {base.py:68} INFO - Using connection ID 'aws_default' for task execution.
[2024-06-14 18:56:09,230] {base_aws.py:206} INFO - Credentials retrieved from login
[2024-06-14 18:56:09,375] {base.py:68} INFO - Using connection ID 'aws_default' for task execution.
[2024-06-14 18:56:09,375] {base_aws.py:206} INFO - Credentials retrieved from login
[2024-06-14 18:56:09,608] {base.py:68} INFO - Using connection ID 'aws_default' for task execution.
[2024-06-14 18:56:09,608] {base_aws.py:206} INFO - Credentials retrieved from login
[2024-06-14 18:56:09,763] {base.py:68} INFO - Using connection ID 'aws_default' for task execution.
[2024-06-14 18:56:09,764] {base_aws.py:206} INFO - Credentials retrieved from login
[2024-06-14 18:56:09,943] {base.py:68} INFO - Using connection ID 'aws_default' for task execution.
[2024-06-14 18:56:09,944] {base_aws.py:206} INFO - Credentials retrieved from login
[2024-06-14 18:56:10,103] {base.py:68} INFO - Using connection ID 'aws_default' for task execution.
[2024-06-14 18:56:10,103] {base_aws.py:206} INFO - Credentials retrieved from login
[2024-06-14 18:56:10,278] {base.py:68} INFO - Using connection ID 'aws_default' for task execution.
[2024-06-14 18:56:10,279] {base_aws.py:206} INFO - Credentials retrieved from login
[2024-06-14 18:56:10,519] {base.py:68} INFO - Using connection ID 'aws_default' for task execution.
[2024-06-14 18:56:10,520] {base_aws.py:206} INFO - Credentials retrieved from login
[2024-06-14 18:56:10,671] {base.py:68} INFO - Using connection ID 'aws_default' for task execution.
[2024-06-14 18:56:10,671] {base_aws.py:206} INFO - Credentials retrieved from login
[2024-06-14 18:56:10,830] {base.py:68} INFO - Using connection ID 'aws_default' for task execution.
[2024-06-14 18:56:10,830] {base_aws.py:206} INFO - Credentials retrieved from login
[2024-06-14 18:56:11,002] {base.py:68} INFO - Using connection ID 'aws_default' for task execution.
[2024-06-14 18:56:11,002] {base_aws.py:206} INFO - Credentials retrieved from login
[2024-06-14 18:56:11,173] {base.py:68} INFO - Using connection ID 'aws_default' for task execution.
[2024-06-14 18:56:11,174] {base_aws.py:206} INFO - Credentials retrieved from login
[2024-06-14 18:56:11,426] {base.py:68} INFO - Using connection ID 'aws_default' for task execution.
[2024-06-14 18:56:11,426] {base_aws.py:206} INFO - Credentials retrieved from login
[2024-06-14 18:56:11,552] {base.py:68} INFO - Using connection ID 'aws_default' for task execution.
[2024-06-14 18:56:11,552] {base_aws.py:206} INFO - Credentials retrieved from login
[2024-06-14 18:56:11,700] {base.py:68} INFO - Using connection ID 'aws_default' for task execution.
[2024-06-14 18:56:11,700] {base_aws.py:206} INFO - Credentials retrieved from login
[2024-06-14 18:56:11,869] {base.py:68} INFO - Using connection ID 'aws_default' for task execution.
[2024-06-14 18:56:11,869] {base_aws.py:206} INFO - Credentials retrieved from login
[2024-06-14 18:56:12,024] {base.py:68} INFO - Using connection ID 'aws_default' for task execution.
[2024-06-14 18:56:12,025] {base_aws.py:206} INFO - Credentials retrieved from login
[2024-06-14 18:56:12,196] {base.py:68} INFO - Using connection ID 'aws_default' for task execution.
[2024-06-14 18:56:12,196] {base_aws.py:206} INFO - Credentials retrieved from login
[2024-06-14 18:56:12,424] {base.py:68} INFO - Using connection ID 'aws_default' for task execution.
[2024-06-14 18:56:12,424] {base_aws.py:206} INFO - Credentials retrieved from login
[2024-06-14 18:56:12,580] {base.py:68} INFO - Using connection ID 'aws_default' for task execution.
[2024-06-14 18:56:12,581] {base_aws.py:206} INFO - Credentials retrieved from login
[2024-06-14 18:56:12,733] {base.py:68} INFO - Using connection ID 'aws_default' for task execution.
[2024-06-14 18:56:12,735] {base_aws.py:206} INFO - Credentials retrieved from login
[2024-06-14 18:56:12,926] {base.py:68} INFO - Using connection ID 'aws_default' for task execution.
[2024-06-14 18:56:12,926] {base_aws.py:206} INFO - Credentials retrieved from login
[2024-06-14 18:56:13,080] {base.py:68} INFO - Using connection ID 'aws_default' for task execution.
[2024-06-14 18:56:13,080] {base_aws.py:206} INFO - Credentials retrieved from login
[2024-06-14 18:56:13,362] {base.py:68} INFO - Using connection ID 'aws_default' for task execution.
[2024-06-14 18:56:13,363] {base_aws.py:206} INFO - Credentials retrieved from login
[2024-06-14 18:56:13,512] {base.py:68} INFO - Using connection ID 'aws_default' for task execution.
[2024-06-14 18:56:13,512] {base_aws.py:206} INFO - Credentials retrieved from login
[2024-06-14 18:56:13,694] {base.py:68} INFO - Using connection ID 'aws_default' for task execution.
[2024-06-14 18:56:13,694] {base_aws.py:206} INFO - Credentials retrieved from login
[2024-06-14 18:56:13,853] {base.py:68} INFO - Using connection ID 'aws_default' for task execution.
[2024-06-14 18:56:13,853] {base_aws.py:206} INFO - Credentials retrieved from login
[2024-06-14 18:56:14,011] {base.py:68} INFO - Using connection ID 'aws_default' for task execution.
[2024-06-14 18:56:14,012] {base_aws.py:206} INFO - Credentials retrieved from login
[2024-06-14 18:56:14,286] {base.py:68} INFO - Using connection ID 'aws_default' for task execution.
[2024-06-14 18:56:14,286] {base_aws.py:206} INFO - Credentials retrieved from login
[2024-06-14 18:56:14,412] {base.py:68} INFO - Using connection ID 'aws_default' for task execution.
[2024-06-14 18:56:14,413] {base_aws.py:206} INFO - Credentials retrieved from login
[2024-06-14 18:56:14,571] {base.py:68} INFO - Using connection ID 'aws_default' for task execution.
[2024-06-14 18:56:14,572] {base_aws.py:206} INFO - Credentials retrieved from login
[2024-06-14 18:56:14,724] {base.py:68} INFO - Using connection ID 'aws_default' for task execution.
[2024-06-14 18:56:14,725] {base_aws.py:206} INFO - Credentials retrieved from login
[2024-06-14 18:56:14,885] {base.py:68} INFO - Using connection ID 'aws_default' for task execution.
[2024-06-14 18:56:14,886] {base_aws.py:206} INFO - Credentials retrieved from login
[2024-06-14 18:56:15,138] {base.py:68} INFO - Using connection ID 'aws_default' for task execution.
[2024-06-14 18:56:15,138] {base_aws.py:206} INFO - Credentials retrieved from login
[2024-06-14 18:56:15,311] {base.py:68} INFO - Using connection ID 'aws_default' for task execution.
[2024-06-14 18:56:15,311] {base_aws.py:206} INFO - Credentials retrieved from login
[2024-06-14 18:56:15,476] {base.py:68} INFO - Using connection ID 'aws_default' for task execution.
[2024-06-14 18:56:15,476] {base_aws.py:206} INFO - Credentials retrieved from login
[2024-06-14 18:56:15,655] {base.py:68} INFO - Using connection ID 'aws_default' for task execution.
[2024-06-14 18:56:15,656] {base_aws.py:206} INFO - Credentials retrieved from login
[2024-06-14 18:56:15,833] {base.py:68} INFO - Using connection ID 'aws_default' for task execution.
[2024-06-14 18:56:15,833] {base_aws.py:206} INFO - Credentials retrieved from login
[2024-06-14 18:56:16,105] {base.py:68} INFO - Using connection ID 'aws_default' for task execution.
[2024-06-14 18:56:16,105] {base_aws.py:206} INFO - Credentials retrieved from login
[2024-06-14 18:56:16,287] {base.py:68} INFO - Using connection ID 'aws_default' for task execution.
[2024-06-14 18:56:16,287] {base_aws.py:206} INFO - Credentials retrieved from login
[2024-06-14 18:56:16,457] {base.py:68} INFO - Using connection ID 'aws_default' for task execution.
[2024-06-14 18:56:16,458] {base_aws.py:206} INFO - Credentials retrieved from login
[2024-06-14 18:56:16,665] {base.py:68} INFO - Using connection ID 'aws_default' for task execution.
[2024-06-14 18:56:16,666] {base_aws.py:206} INFO - Credentials retrieved from login
[2024-06-14 18:56:16,858] {base.py:68} INFO - Using connection ID 'aws_default' for task execution.
[2024-06-14 18:56:16,859] {base_aws.py:206} INFO - Credentials retrieved from login
[2024-06-14 18:56:17,280] {base.py:68} INFO - Using connection ID 'aws_default' for task execution.
[2024-06-14 18:56:17,280] {base_aws.py:206} INFO - Credentials retrieved from login
[2024-06-14 18:56:17,485] {base.py:68} INFO - Using connection ID 'aws_default' for task execution.
[2024-06-14 18:56:17,485] {base_aws.py:206} INFO - Credentials retrieved from login
[2024-06-14 18:56:17,659] {base.py:68} INFO - Using connection ID 'aws_default' for task execution.
[2024-06-14 18:56:17,659] {base_aws.py:206} INFO - Credentials retrieved from login
[2024-06-14 18:56:17,878] {base.py:68} INFO - Using connection ID 'aws_default' for task execution.
[2024-06-14 18:56:17,878] {base_aws.py:206} INFO - Credentials retrieved from login
[2024-06-14 18:56:18,041] {base.py:68} INFO - Using connection ID 'aws_default' for task execution.
[2024-06-14 18:56:18,041] {base_aws.py:206} INFO - Credentials retrieved from login
[2024-06-14 18:56:18,345] {base.py:68} INFO - Using connection ID 'aws_default' for task execution.
[2024-06-14 18:56:18,346] {base_aws.py:206} INFO - Credentials retrieved from login
[2024-06-14 18:56:18,496] {base.py:68} INFO - Using connection ID 'aws_default' for task execution.
[2024-06-14 18:56:18,496] {base_aws.py:206} INFO - Credentials retrieved from login
[2024-06-14 18:56:18,651] {base.py:68} INFO - Using connection ID 'aws_default' for task execution.
[2024-06-14 18:56:18,651] {base_aws.py:206} INFO - Credentials retrieved from login
[2024-06-14 18:56:18,828] {base.py:68} INFO - Using connection ID 'aws_default' for task execution.
[2024-06-14 18:56:18,828] {base_aws.py:206} INFO - Credentials retrieved from login
[2024-06-14 18:56:18,996] {base.py:68} INFO - Using connection ID 'aws_default' for task execution.
[2024-06-14 18:56:18,997] {base_aws.py:206} INFO - Credentials retrieved from login
[2024-06-14 18:56:19,250] {base.py:68} INFO - Using connection ID 'aws_default' for task execution.
[2024-06-14 18:56:19,250] {base_aws.py:206} INFO - Credentials retrieved from login
[2024-06-14 18:56:19,413] {base.py:68} INFO - Using connection ID 'aws_default' for task execution.
[2024-06-14 18:56:19,413] {base_aws.py:206} INFO - Credentials retrieved from login
[2024-06-14 18:56:19,558] {base.py:68} INFO - Using connection ID 'aws_default' for task execution.
[2024-06-14 18:56:19,559] {base_aws.py:206} INFO - Credentials retrieved from login
[2024-06-14 18:56:19,720] {base.py:68} INFO - Using connection ID 'aws_default' for task execution.
[2024-06-14 18:56:19,720] {base_aws.py:206} INFO - Credentials retrieved from login
[2024-06-14 18:56:19,885] {base.py:68} INFO - Using connection ID 'aws_default' for task execution.
[2024-06-14 18:56:19,886] {base_aws.py:206} INFO - Credentials retrieved from login
[2024-06-14 18:56:20,047] {base.py:68} INFO - Using connection ID 'aws_default' for task execution.
[2024-06-14 18:56:20,048] {base_aws.py:206} INFO - Credentials retrieved from login
[2024-06-14 18:56:20,297] {base.py:68} INFO - Using connection ID 'aws_default' for task execution.
[2024-06-14 18:56:20,298] {base_aws.py:206} INFO - Credentials retrieved from login
[2024-06-14 18:56:20,466] {base.py:68} INFO - Using connection ID 'aws_default' for task execution.
[2024-06-14 18:56:20,466] {base_aws.py:206} INFO - Credentials retrieved from login
[2024-06-14 18:56:20,627] {base.py:68} INFO - Using connection ID 'aws_default' for task execution.
[2024-06-14 18:56:20,627] {base_aws.py:206} INFO - Credentials retrieved from login
[2024-06-14 18:56:20,786] {base.py:68} INFO - Using connection ID 'aws_default' for task execution.
[2024-06-14 18:56:20,787] {base_aws.py:206} INFO - Credentials retrieved from login
[2024-06-14 18:56:20,975] {base.py:68} INFO - Using connection ID 'aws_default' for task execution.
[2024-06-14 18:56:20,975] {base_aws.py:206} INFO - Credentials retrieved from login
[2024-06-14 18:56:21,229] {base.py:68} INFO - Using connection ID 'aws_default' for task execution.
[2024-06-14 18:56:21,229] {base_aws.py:206} INFO - Credentials retrieved from login
[2024-06-14 18:56:21,383] {base.py:68} INFO - Using connection ID 'aws_default' for task execution.
[2024-06-14 18:56:21,383] {base_aws.py:206} INFO - Credentials retrieved from login
[2024-06-14 18:56:21,552] {base.py:68} INFO - Using connection ID 'aws_default' for task execution.
[2024-06-14 18:56:21,552] {base_aws.py:206} INFO - Credentials retrieved from login
[2024-06-14 18:56:21,736] {base.py:68} INFO - Using connection ID 'aws_default' for task execution.
[2024-06-14 18:56:21,736] {base_aws.py:206} INFO - Credentials retrieved from login
[2024-06-14 18:56:21,920] {base.py:68} INFO - Using connection ID 'aws_default' for task execution.
[2024-06-14 18:56:21,920] {base_aws.py:206} INFO - Credentials retrieved from login
[2024-06-14 18:56:22,184] {base.py:68} INFO - Using connection ID 'aws_default' for task execution.
[2024-06-14 18:56:22,184] {base_aws.py:206} INFO - Credentials retrieved from login
[2024-06-14 18:56:22,360] {base.py:68} INFO - Using connection ID 'aws_default' for task execution.
[2024-06-14 18:56:22,360] {base_aws.py:206} INFO - Credentials retrieved from login
[2024-06-14 18:56:22,538] {base.py:68} INFO - Using connection ID 'aws_default' for task execution.
[2024-06-14 18:56:22,538] {base_aws.py:206} INFO - Credentials retrieved from login
[2024-06-14 18:56:22,690] {base.py:68} INFO - Using connection ID 'aws_default' for task execution.
[2024-06-14 18:56:22,690] {base_aws.py:206} INFO - Credentials retrieved from login
[2024-06-14 18:56:22,850] {base.py:68} INFO - Using connection ID 'aws_default' for task execution.
[2024-06-14 18:56:22,850] {base_aws.py:206} INFO - Credentials retrieved from login
[2024-06-14 18:56:23,133] {base.py:68} INFO - Using connection ID 'aws_default' for task execution.
[2024-06-14 18:56:23,133] {base_aws.py:206} INFO - Credentials retrieved from login
[2024-06-14 18:56:23,350] {base.py:68} INFO - Using connection ID 'aws_default' for task execution.
[2024-06-14 18:56:23,350] {base_aws.py:206} INFO - Credentials retrieved from login
[2024-06-14 18:56:23,514] {base.py:68} INFO - Using connection ID 'aws_default' for task execution.
[2024-06-14 18:56:23,514] {base_aws.py:206} INFO - Credentials retrieved from login
[2024-06-14 18:56:23,686] {base.py:68} INFO - Using connection ID 'aws_default' for task execution.
[2024-06-14 18:56:23,686] {base_aws.py:206} INFO - Credentials retrieved from login
[2024-06-14 18:56:23,855] {base.py:68} INFO - Using connection ID 'aws_default' for task execution.
[2024-06-14 18:56:23,855] {base_aws.py:206} INFO - Credentials retrieved from login
[2024-06-14 18:56:24,128] {base.py:68} INFO - Using connection ID 'aws_default' for task execution.
[2024-06-14 18:56:24,128] {base_aws.py:206} INFO - Credentials retrieved from login
[2024-06-14 18:56:24,294] {base.py:68} INFO - Using connection ID 'aws_default' for task execution.
[2024-06-14 18:56:24,294] {base_aws.py:206} INFO - Credentials retrieved from login
[2024-06-14 18:56:24,454] {base.py:68} INFO - Using connection ID 'aws_default' for task execution.
[2024-06-14 18:56:24,454] {base_aws.py:206} INFO - Credentials retrieved from login
[2024-06-14 18:56:24,663] {base.py:68} INFO - Using connection ID 'aws_default' for task execution.
[2024-06-14 18:56:24,663] {base_aws.py:206} INFO - Credentials retrieved from login
[2024-06-14 18:56:24,839] {base.py:68} INFO - Using connection ID 'aws_default' for task execution.
[2024-06-14 18:56:24,839] {base_aws.py:206} INFO - Credentials retrieved from login
[2024-06-14 18:56:25,117] {base.py:68} INFO - Using connection ID 'aws_default' for task execution.
[2024-06-14 18:56:25,117] {base_aws.py:206} INFO - Credentials retrieved from login
[2024-06-14 18:56:25,273] {base.py:68} INFO - Using connection ID 'aws_default' for task execution.
[2024-06-14 18:56:25,273] {base_aws.py:206} INFO - Credentials retrieved from login
[2024-06-14 18:56:25,437] {base.py:68} INFO - Using connection ID 'aws_default' for task execution.
[2024-06-14 18:56:25,437] {base_aws.py:206} INFO - Credentials retrieved from login
[2024-06-14 18:56:25,593] {base.py:68} INFO - Using connection ID 'aws_default' for task execution.
[2024-06-14 18:56:25,594] {base_aws.py:206} INFO - Credentials retrieved from login
[2024-06-14 18:56:25,742] {base.py:68} INFO - Using connection ID 'aws_default' for task execution.
[2024-06-14 18:56:25,742] {base_aws.py:206} INFO - Credentials retrieved from login
[2024-06-14 18:56:25,996] {base.py:68} INFO - Using connection ID 'aws_default' for task execution.
[2024-06-14 18:56:25,997] {base_aws.py:206} INFO - Credentials retrieved from login
[2024-06-14 18:56:26,142] {base.py:68} INFO - Using connection ID 'aws_default' for task execution.
[2024-06-14 18:56:26,142] {base_aws.py:206} INFO - Credentials retrieved from login
[2024-06-14 18:56:26,316] {base.py:68} INFO - Using connection ID 'aws_default' for task execution.
[2024-06-14 18:56:26,317] {base_aws.py:206} INFO - Credentials retrieved from login
[2024-06-14 18:56:26,484] {base.py:68} INFO - Using connection ID 'aws_default' for task execution.
[2024-06-14 18:56:26,485] {base_aws.py:206} INFO - Credentials retrieved from login
[2024-06-14 18:56:26,668] {base.py:68} INFO - Using connection ID 'aws_default' for task execution.
[2024-06-14 18:56:26,668] {base_aws.py:206} INFO - Credentials retrieved from login
[2024-06-14 18:56:26,939] {base.py:68} INFO - Using connection ID 'aws_default' for task execution.
[2024-06-14 18:56:26,939] {base_aws.py:206} INFO - Credentials retrieved from login
[2024-06-14 18:56:27,103] {base.py:68} INFO - Using connection ID 'aws_default' for task execution.
[2024-06-14 18:56:27,103] {base_aws.py:206} INFO - Credentials retrieved from login
[2024-06-14 18:56:27,279] {base.py:68} INFO - Using connection ID 'aws_default' for task execution.
[2024-06-14 18:56:27,279] {base_aws.py:206} INFO - Credentials retrieved from login
[2024-06-14 18:56:27,437] {base.py:68} INFO - Using connection ID 'aws_default' for task execution.
[2024-06-14 18:56:27,437] {base_aws.py:206} INFO - Credentials retrieved from login
[2024-06-14 18:56:27,592] {base.py:68} INFO - Using connection ID 'aws_default' for task execution.
[2024-06-14 18:56:27,592] {base_aws.py:206} INFO - Credentials retrieved from login
[2024-06-14 18:56:27,755] {base.py:68} INFO - Using connection ID 'aws_default' for task execution.
[2024-06-14 18:56:27,755] {base_aws.py:206} INFO - Credentials retrieved from login
[2024-06-14 18:56:28,040] {base.py:68} INFO - Using connection ID 'aws_default' for task execution.
[2024-06-14 18:56:28,040] {base_aws.py:206} INFO - Credentials retrieved from login
[2024-06-14 18:56:28,182] {base.py:68} INFO - Using connection ID 'aws_default' for task execution.
[2024-06-14 18:56:28,182] {base_aws.py:206} INFO - Credentials retrieved from login
[2024-06-14 18:56:28,376] {base.py:68} INFO - Using connection ID 'aws_default' for task execution.
[2024-06-14 18:56:28,376] {base_aws.py:206} INFO - Credentials retrieved from login
[2024-06-14 18:56:28,509] {logging_mixin.py:115} INFO - Downloaded 151 file(s) from S3 to /opt/***/data/extracted_s3_data
[2024-06-14 18:56:28,510] {python.py:173} INFO - Done. Returned value was: None
[2024-06-14 18:56:28,520] {taskinstance.py:1400} INFO - Marking task as SUCCESS. dag_id=s3_to_ml_to_postgres, task_id=extract_data_from_s3, execution_date=20240614T185559, start_date=20240614T185600, end_date=20240614T185628
[2024-06-14 18:56:28,553] {local_task_job.py:156} INFO - Task exited with return code 0
[2024-06-14 18:56:28,572] {local_task_job.py:273} INFO - 1 downstream tasks scheduled from follow-on schedule check
